000000000000037c r __abi_tag
                 U abort@GLIBC_2.2.5
                 U access@GLIBC_2.2.5
0000000000137a58 b active_charset
0000000000135d58 d active_charset_name
0000000000135e00 b active_handles
0000000000136348 b active_handles
0000000000091d20 t add_canonical_option
0000000000088d73 t add_feature_mdc
0000000000022f5a t add_gpg_control
000000000000a430 t add_group
000000000002e1fa T additional_weak_digest
000000000002246d T add_kbnode
000000000007eab6 t add_key_hash_table
0000000000088ee5 t add_keyserver_modify
00000000000123c3 t add_keyserver_url
0000000000012214 t add_notation_data
0000000000022ef6 t add_onepass_sig
0000000000012281 t add_policy_url
00000000000bd00f t add_randomness
0000000000023237 t add_ring_trust
0000000000023298 t add_signature
00000000000231d6 t add_subkey
000000000004f251 t add_tlv
00000000000df4da T add_to_strlist
00000000000df547 T add_to_strlist2
0000000000023175 t add_user_id
000000000007ec9b t add_utk
0000000000045d6d T agent_clear_pin_cache
000000000005f540 T agent_close
000000000005f7cf t agent_get_passphrase
0000000000044368 T agent_learn
000000000005f60b t agent_okay_cb
000000000005f21b T agent_open
0000000000042b14 T agent_release_card_info
0000000000045a5b T agent_scd_change_pin
0000000000045c0d T agent_scd_checkpin
000000000004512b T agent_scd_genkey
00000000000444ef T agent_scd_getattr
000000000004572b T agent_scd_pkdecrypt
0000000000045364 T agent_scd_pksign
0000000000045dd5 T agent_scd_readcert
0000000000044a2c T agent_scd_setattr
0000000000045db5 T agent_scd_writecert
0000000000044cda T agent_scd_writekey
000000000005ee7b t agent_send_all_options
000000000005ed87 t agent_send_option
0000000000101d5a r aid.0
000000000005cfcb T algo_available
0000000000137b88 b all_lockfiles
00000000000222e2 t alloc_node
00000000001378a0 b allow_seed_file_update
0000000000135e20 b all_resources
00000000000df210 T answer_is_okay_cancel
00000000000def7c T answer_is_yes
00000000000dedf9 T answer_is_yes_no_default
00000000000def9b T answer_is_yes_no_quit
0000000000136338 b any_public.4
0000000000136334 b any_secret.5
00000000000586aa T apdu_activate
0000000000058d7c T apdu_check_keypad
0000000000057f5c T apdu_close_reader
000000000005827e T apdu_connect
0000000000058382 T apdu_disconnect
0000000000058227 T apdu_enum_reader
00000000000588d2 T apdu_get_atr
0000000000058d44 T apdu_get_status
0000000000058a54 t apdu_get_status_internal
0000000000057a5f T apdu_open_reader
0000000000057f2a T apdu_open_remote_reader
0000000000058034 T apdu_prepare_exit
0000000000058560 T apdu_reset
0000000000059e3f T apdu_send
0000000000059f41 T apdu_send_direct
0000000000059def T apdu_send_le
0000000000059e90 T apdu_send_simple
0000000000059edc T apdu_send_simple_kp
0000000000058467 T apdu_set_progress_cb
000000000005814f T apdu_shutdown_reader
000000000005594b T apdu_strerror
000000000007cee7 t append_key
00000000000df5b2 T append_to_strlist
00000000000df659 T append_to_strlist2
000000000007c966 t append_uid
0000000000042a2b T app_get_serial_and_stamp
000000000005334a T app_select_openpgp
00000000000429d1 T app_set_default_reader_port
00000000000e3360 T arg_parse
000000000002d943 T argsplit
000000000002a115 T armor_filter
00000000000e149e T ascii_islower
00000000000e147d T ascii_isupper
00000000000e14bf T ascii_memcasecmp
00000000000df8bb T ascii_memistr
00000000000f0444 T ascii_strcasecmp
00000000000e1590 T ascii_strlwr
00000000000f04c7 T ascii_strncasecmp
00000000000f0428 T ascii_tolower
00000000000f040c T ascii_toupper
00000000000de7f7 T asctimestamp
0000000000136780 b asctobin
000000000008b04b t ask_algo
0000000000049f29 t ask_card_keysize
000000000008b817 T ask_expire_interval
000000000003b604 T ask_for_detached_datafile
000000000008ac7c t ask_key_flags
000000000008b43e t ask_keysize
000000000002e54d T ask_outfile_name
0000000000080921 t ask_ownertrust
0000000000060295 T ask_passphrase
000000000006aed4 T ask_revocation_reason
0000000000075eb1 t ask_revoke_sig
000000000008bb09 t ask_user_id
0000000000135ca0 d asn.0
0000000000135cb8 d asn.0
0000000000135cc8 d asn.0
0000000000135d00 d asn.0
0000000000135d40 d asn.0
0000000000135ce0 d asn.1
0000000000135d20 d asn.1
0000000000133290 d asn.5
                 U __assert_fail@GLIBC_2.2.5
00000000000f3220 T assuan_begin_confidential
00000000000f3102 T _assuan_close
00000000000f1a4b T _assuan_cookie_write_data
00000000000f1cb7 T _assuan_cookie_write_flush
00000000000f3063 T assuan_disconnect
00000000000f323d T assuan_end_confidential
00000000000f2ab9 T assuan_get_assuan_log_prefix
00000000000f2a56 T assuan_get_assuan_log_stream
00000000000f30d2 T assuan_get_pid
00000000000f31b1 T assuan_get_pointer
0000000000137c30 b _assuan_log
00000000000f325a T _assuan_log_print_buffer
00000000000f2ac6 T _assuan_log_printf
00000000000f33a3 T _assuan_log_sanitized_string
00000000000f2f93 T _assuan_new_context
00000000000f1765 T assuan_pending_line
00000000000f1eeb T _assuan_read_from_server
00000000000f12a6 T _assuan_read_line
00000000000f170c T assuan_read_line
00000000000f3021 T _assuan_release_context
00000000000f1e26 T assuan_send_data
00000000000f2a78 T assuan_set_assuan_log_prefix
00000000000f2a40 T assuan_set_assuan_log_stream
00000000000f2a1e T _assuan_set_default_log_stream
00000000000f3166 T assuan_set_error
00000000000f31d1 T assuan_set_log_stream
00000000000f318f T assuan_set_pointer
00000000000f313e T _assuan_sock_connect
00000000000f2c93 T assuan_socket_connect
00000000000f3119 T _assuan_sock_new
00000000000f2648 T assuan_strerror
00000000000f225e T assuan_transact
00000000000f22b4 T assuan_transact2
00000000000f1790 T _assuan_write_line
00000000000f198c T assuan_write_line
00000000000f3520 t atexit
                 U atoi@GLIBC_2.2.5
0000000000136b10 b attrib_fp
000000000007d5c3 T auto_create_card_key_stub
0000000000137a90 b batchmode
00000000000b1f0f t bf_setkey
00000000000ec584 T bin2hex
00000000000ec5b3 T bin2hexcolon
                 U bind_textdomain_codeset@GLIBC_2.2.5
                 U bindtextdomain@GLIBC_2.2.5
00000000001331a0 d bintoasc
00000000000e60c1 t block_filter
00000000000b1f4a T blowfish_get_info
0000000000135d80 B __bss_start
0000000000137b40 b buf.0
0000000000137ba0 b buf.0
00000000001369a0 b buf.2
0000000000136990 b buf.3
0000000000012507 t buf32_to_size_t
0000000000030bde t buf32_to_size_t
0000000000087d61 t buf32_to_size_t
0000000000012567 t buf32_to_u32
0000000000016f61 t buf32_to_u32
000000000002f048 t buf32_to_u32
0000000000030c9e t buf32_to_u32
000000000007e90b t buf32_to_u32
0000000000030c3e t buf32_to_ulong
000000000004b544 t buf32_to_ulong
000000000008372b t buf32_to_ulong
0000000000136980 b buf.4
0000000000136970 b buf.5
0000000000136960 b buf.6
00000000001379e0 b buffer.1
0000000000136920 b buffer.10
0000000000136910 b buffer.11
0000000000136900 b buffer.12
00000000001368f0 b buffer.13
00000000001368e0 b buffer.14
00000000001379b0 b buffer.2
00000000001379a0 b buffer.3
0000000000137980 b buffer.4
0000000000136950 b buffer.7
0000000000136940 b buffer.8
0000000000136930 b buffer.9
000000000001aef9 t buf_to_sig
00000000000140c0 T build_attribute_subpkt
000000000004de79 t build_enter_admin_pin_prompt
00000000000d70a4 t build_index
0000000000009dbf t build_list
00000000000125be T build_packet
000000000005c083 T build_pk_list
000000000004f36f t build_privkey_template
0000000000013ad8 T build_sig_subpkt
0000000000013f88 T build_sig_subpkt_from_sig
000000000005daea T build_sk_list
000000000009da62 t burn_stack
00000000000a3ab6 t burn_stack
00000000000b00a7 t burn_stack
00000000000b1fc6 t burn_stack
00000000000b54bb t burn_stack
00000000000b7632 t burn_stack
00000000000b7bce t burn_stack
00000000000bbeb7 t burn_stack
00000000000be43c t burn_stack
00000000000bf42a t burn_stack
00000000000c1b8f t burn_stack
00000000000c399b t burn_stack
00000000000c49f2 t burn_stack
0000000000136b08 b busy.2
000000000008027f T cache_disabled_value
0000000000136ee8 b cache_entries
0000000000136eec b cache_is_dirty
0000000000136ee0 b cache_list
0000000000016fb8 T cache_public_key
000000000003cc56 t cache_sig_result
0000000000017270 t cache_user_id
0000000000014d8e t calc_header_length
0000000000012897 T calc_packet_length
000000000001354d t calc_plaintext
0000000000135360 d calc_sb_tbl
                 U calloc@GLIBC_2.2.5
00000000000b77b3 t camellia_decrypt
00000000000cbb25 T camellia_decrypt128
00000000000cfe89 T camellia_decrypt256
00000000000d282e T Camellia_DecryptBlock
00000000000d2513 T Camellia_Ekeygen
00000000000b7767 t camellia_encrypt
00000000000c9e4b T camellia_encrypt128
00000000000cd7ff T camellia_encrypt256
00000000000d258f T Camellia_EncryptBlock
00000000000b7b1e T camellia_get_info
00000000000b7698 t camellia_setkey
00000000000c5d8f T camellia_setup128
00000000000c9dc9 T camellia_setup192
00000000000c77fb T camellia_setup256
0000000000119900 r camellia_sp0222
0000000000119500 r camellia_sp1110
0000000000119d00 r camellia_sp3033
000000000011a100 r camellia_sp4404
0000000000033e14 t can_handle_critical
0000000000033da3 t can_handle_critical_notation
00000000000430c9 T card_close
000000000004ad9c T card_edit
000000000004a454 T card_generate_subkey
0000000000042a10 T card_set_reader_port
000000000004701c T card_status
000000000004a6bf T card_store_subkey
00000000000b543f T cast5_get_info
00000000000b5404 t cast_setkey
0000000000136b18 b caught_fatal_sig
0000000000136b1c b caught_sigusr1
0000000000049757 t change_cafpr
00000000000492b4 t change_cert
000000000004f85c t change_keyattr
000000000004fa47 t change_keyattr_from_string
0000000000049475 t change_lang
0000000000048f87 t change_login
0000000000048800 t change_name
000000000006de95 t change_passphrase
0000000000046576 T change_pin
0000000000074512 t change_primary_uid_cb
00000000000490ea t change_private_do
00000000000495f5 t change_sex
00000000000489f9 t change_url
000000000005124f t check_against_given_fingerprint
000000000006c0e3 t check_all_keysigs
000000000003ce9a T check_backsig
0000000000043272 t check_card_serialno
0000000000099953 T check_cipher_algo
000000000002d621 T check_compress_algo
000000000009ceed T check_digest_algo
0000000000028e8f t check_input
000000000003cf96 T check_key_signature
000000000003cfdd T check_key_signature2
0000000000025bf0 t check_nesting
000000000000a632 t check_permissions
0000000000049baf t check_pin_for_key_operation
0000000000078b93 t check_prefs
0000000000078b35 t check_prefs_warning
00000000000bb689 t check_prime
000000000009be43 T check_pubkey_algo
000000000009be5f T check_pubkey_algo2
0000000000081abe t check_regexp
000000000003ccbc T check_revocation_keys
00000000000b9184 t check_secret_key
00000000000b9d0f t check_secret_key
00000000000bdbf7 t check_secret_key
0000000000061b2f T check_secret_key
000000000002648a t check_sig_and_print
000000000005b7c4 T check_signatures_trust
00000000000e72b1 t check_special_filename
000000000002c66e T checksum
000000000002c6a7 T checksum_mpi
000000000002c649 T checksum_u16
00000000000dfbdf T check_trailing_chars
00000000000dfc68 T check_trailing_ws
000000000007f799 T check_trustdb
0000000000080324 T check_trustdb_stale
000000000008aab3 t check_valid_days
000000000007ae38 t chk_self_sigs
                 U chmod@GLIBC_2.2.5
00000000000b8114 t cipher
000000000009984d T cipher_algo_to_string
0000000000099d31 T cipher_close
000000000009aa40 T cipher_decrypt
000000000009a8da T cipher_encrypt
0000000000063758 T cipher_filter
0000000000099ab1 T cipher_get_blocksize
00000000000999f5 T cipher_get_keylen
0000000000099b6d T cipher_open
0000000000135dc0 b ciphers.8
0000000000099d7d T cipher_setiv
0000000000099d4c T cipher_setkey
000000000009aba6 T cipher_sync
0000000000136fe0 b cipher_table
00000000001186e0 r ciphertext_192.3
00000000001121b0 r ciphertext_256.0
0000000000118730 r ciphertext_256.0
0000000000112160 r ciphertext.3
00000000001186a0 r ciphertext.6
0000000000017cf7 T classify_user_id
000000000008187b T clean_key
000000000008176f T clean_one_uid
000000000008136f t clean_sigs_from_uid
0000000000081557 t clean_uid_from_key
00000000000840f0 t cleanup
00000000000e1692 t cleanup
                 U clearerr@GLIBC_2.2.5
0000000000022704 T clear_kbnode_flags
000000000007ffbd T clear_ownertrusts
0000000000068205 T clearsign_file
                 U clock@GLIBC_2.2.5
00000000000223ab T clone_kbnode
0000000000137b78 b close_cache
0000000000055f91 t close_ct_reader
                 U close@GLIBC_2.2.5
0000000000056d14 t close_pcsc_reader
0000000000056c33 t close_pcsc_reader_direct
000000000011a500 R __clz_tab
00000000001332c0 d cmds
0000000000133b60 d cmds
0000000000092050 t cmp_keyserver_spec
0000000000016a97 T cmp_public_keys
0000000000016cad T cmp_public_secret_key
0000000000016ba6 T cmp_secret_keys
0000000000016d93 T cmp_signatures
00000000000870f8 t cmp_trec_fpr
0000000000016e70 T cmp_user_ids
000000000000b3a5 t collapse_args
000000000007baf3 T collapse_uids
000000000003053d T colon_datestr_from_pk
00000000000305e9 T colon_datestr_from_sig
0000000000030593 T colon_datestr_from_sk
0000000000030640 T colon_expirestr_from_sig
00000000000304e0 T colon_strtime
000000000002272f T commit_kbnode
00000000000dddae T compare_filenames
00000000000510c2 t compare_fingerprint
000000000001f9f9 t compare_name
0000000000135da8 b completed.0
00000000000669eb T complete_sig
000000000002d740 T compliance_failure
000000000002d6b6 T compliance_option_string
000000000002d48e T compress_algo_to_string
00000000000157ef t compress_filter
00000000000e4d1f t compress_pool
00000000000eca06 t compute_type
                 U connect@GLIBC_2.2.5
0000000000056d2b t connect_pcsc_card
0000000000050fe1 t convert_sig_counter_value
000000000002bfec T copy_clearsig_text
000000000002ebd3 t copy_options_file
0000000000031f9e t copy_packet
0000000000015fcf T copy_prefs
00000000000160c0 T copy_public_key
0000000000016268 T copy_public_parts_to_secret_key
00000000000165e6 T copy_secret_key
00000000000163d6 T copy_signature
0000000000136b00 b count.1
000000000004c48f t count_bits
0000000000075d65 t count_keys_with_flag
0000000000075e2a t count_selected_keys
0000000000075e0b t count_selected_uids
0000000000075dc8 t count_uids
0000000000075d11 t count_uids_with_flag
0000000000016323 t cp_pka_info
0000000000039c5a T cpr_enabled
0000000000039cf3 T cpr_get
0000000000039ec1 T cpr_get_answer_is_yes
000000000003a07f T cpr_get_answer_okay_cancel
0000000000039fa0 T cpr_get_answer_yes_no_quit
0000000000039dfc T cpr_get_hidden
0000000000039c88 T cpr_get_no_help
0000000000039da4 T cpr_get_utf8
0000000000039e9b T cpr_kill_prompt
0000000000015f57 t cp_subpktarea
0000000000136380 b crc_table
00000000000388ca T create_gpg_control
0000000000084887 t create_hashtable
000000000002070d t create_tmp_file
00000000000841a7 t create_version_record
0000000000055c95 t ct_activate_card
0000000000136e78 b ct_api_loaded.4
0000000000136e70 b CT_close
0000000000136e68 b CT_data
0000000000055bf1 t ct_dump_reader_status
                 U ctermid@GLIBC_2.2.5
0000000000055b60 t ct_error_string
0000000000055ffb t ct_get_status
0000000000136e60 b CT_init
0000000000056017 t ct_send_apdu
                 U __ctype_b_loc@GLIBC_2.3
0000000000137b1c b cur_alloced
0000000000137b24 b cur_blocks
0000000000136b28 b current_app
                 U __cxa_atexit@GLIBC_2.2.5
                 w __cxa_finalize@GLIBC_2.2.5
00000000001335a0 d data_objects
0000000000130520 D __data_start
0000000000130520 W data_start
0000000000030247 T datestr_from_pk
00000000000302a7 T datestr_from_sig
0000000000030277 T datestr_from_sk
00000000001343e0 d db_fd
000000000003117d T dbg_copy_all_packets
00000000000311f5 T dbg_copy_some_packets
000000000003109d T dbg_parse_packet
00000000000310ff T dbg_search_packet
000000000003128b T dbg_skip_some_packets
0000000000136ef0 b db_name
0000000000077491 T dearmor_file
0000000000063310 t decode_filter
00000000000b0b0f t decrypt
00000000000b9299 t decrypt
00000000000b17e6 t decrypt_block
00000000000b384f t decrypt_block
00000000000b8784 t decrypt_block
0000000000062660 T decrypt_data
000000000006b453 T decrypt_message
000000000006b5c7 T decrypt_messages
000000000002d642 T default_cipher_algo
000000000002d67c T default_compress_algo
000000000002e075 T default_homedir
0000000000136b20 b default_reader_port
000000000005be23 t default_recipient
00000000000e45ac T default_strusage
                 U deflate
                 U deflateEnd
                 U deflateInit_
                 U deflateInit2_
000000000007b491 t delete_inv_parts
000000000002244f T delete_kbnode
0000000000087bef T delete_keys
00000000000138cd T delete_sig_subpkt
000000000002d459 T deprecated_command
000000000002d370 T deprecated_warning
0000000000009aa0 t deregister_tm_clones
000000000009e150 t des_ecb_crypt
00000000000a39de T des_get_info
000000000009dab3 t des_key_schedule
000000000009e0a6 t des_setkey
0000000000137894 b did_initial_extra_seeding
0000000000136edc b did_nextcheck.4
00000000001377d0 b did_selftest.0
0000000000136ea8 b did_warn.7
000000000009ce96 T digest_algo_to_string
0000000000137750 b digest_list
0000000000135dc8 b digests.7
00000000000e5a58 t direct_open
0000000000093a92 t direct_uri_map
00000000000998c5 T disable_cipher_algo
000000000002c58e T disable_core_dumps
0000000000137360 b disabled_algos
0000000000137720 b disabled_algos
000000000009bdb5 T disable_pubkey_algo
0000000000137b28 b disable_secmem
000000000005717c t disconnect_pcsc_card
0000000000091c07 T display_online_help
                 U dlclose@GLIBC_2.34
                 U dlerror@GLIBC_2.34
                 U dlopen@GLIBC_2.34
                 U dlsym@GLIBC_2.34
                 U dn_expand@GLIBC_2.34
                 U dn_skipname@GLIBC_2.34
0000000000088045 t do_add_key_flags
000000000008c2a4 t do_ask_passphrase
0000000000051f54 t do_auth
00000000000b19e9 t do_bf_setkey
00000000000ec412 t do_bin2hex
00000000000b5177 t do_cast_setkey
0000000000099fe0 t do_cbc_decrypt
0000000000099ef7 t do_cbc_encrypt
000000000009a4ad t do_cfb_decrypt
000000000009a0e8 t do_cfb_encrypt
000000000004a0b2 t do_change_keysize
000000000004e602 t do_change_pin
000000000003c3e2 t do_check
0000000000061051 t do_check
000000000003c1b1 t do_check_messages
00000000000526f3 t do_check_pin
00000000000247ce t do_check_sig
00000000000152e9 t do_compress
000000000001387c t do_compressed
000000000002132f t do_copy
000000000008c3fc t do_create
0000000000052278 t do_decipher
00000000000b68ae t do_decrypt
00000000000b16a2 t do_decrypt_block
00000000000b2c4f t do_decrypt_block
000000000004b5a4 t do_deinit
00000000000f2c17 t do_deinit
0000000000087702 t do_delete_key
0000000000099e92 t do_ecb_decrypt
0000000000099e2d t do_ecb_encrypt
000000000005acf8 t do_edit_ownertrust
00000000000b00f8 t do_encrypt
00000000000b6822 t do_encrypt
00000000000b9201 t do_encrypt
00000000000b5ebe t do_encrypt_aligned
00000000000b1526 t do_encrypt_block
00000000000b2017 t do_encrypt_block
0000000000013788 t do_encrypted
00000000000137de t do_encrypted_mdc
000000000004f075 t does_key_exist
000000000007da31 t do_export
000000000007de92 t do_export_stream
0000000000045e00 t do_find_tlv
000000000002f74a t do_fingerprint_md
000000000002f78e t do_fingerprint_md_sk
00000000000f2bd1 t do_finish
00000000000eef70 t do_format
0000000000054cbc t do_generate_keypair
000000000008e8da t do_generate_keypair
0000000000050a80 t do_genkey
00000000000e1c71 t do_get
000000000004ceac t do_getattr
00000000000d8057 t do_get_buffer
0000000000039ac9 t do_get_from_fd
0000000000009b10 t __do_global_dtors_aux
000000000012fdc8 d __do_global_dtors_aux_fini_array_entry
000000000003b22e t do_hash
000000000004d662 t do_learn_status
0000000000014bc0 t do_onepass_sig
0000000000013595 t do_plaintext
0000000000025c57 t do_proc_packets
00000000000133f5 t do_pubkey_enc
0000000000012a47 t do_public_key
000000000004d89c t do_readcert
000000000004d881 t do_readkey
0000000000041495 t do_reorder_keyblock
0000000000012be8 t do_secret_key
000000000004e290 t do_setattr
00000000000b550c t do_setkey
00000000000b85f6 t do_setkey
0000000000039843 t do_shm_get
000000000005a8dd t do_show_revocation_reason
00000000000513c8 t do_sign
00000000000665ec t do_sign
00000000000148ae t do_signature
00000000000e123d t do_strconcat
00000000000f055e t do_strconcat
000000000001323c t do_symkey_enc
000000000007f120 t do_sync
00000000000ea4cf T dotlock_create
00000000000e9f6a t dotlock_create_unix
00000000000ea64b T dotlock_destroy
00000000000ea5cb t dotlock_destroy_unix
00000000000e9aa3 T dotlock_disable
00000000000ea5ba T dotlock_get_fd
00000000000ead64 T dotlock_release
00000000000eacaf t dotlock_release_unix
00000000000eae03 T dotlock_remove_lockfiles
00000000000eae55 T dotlock_remove_lockfiles_reclaim
00000000000ea5a2 T dotlock_set_fd
00000000000eac39 T dotlock_take
00000000000ea71d t dotlock_take_unix
00000000000a39a4 t do_tripledes_decrypt
00000000000a396a t do_tripledes_encrypt
00000000000a38ba t do_tripledes_setkey
00000000000aeba9 t do_twofish_decrypt
00000000000ad8a4 t do_twofish_encrypt
00000000000a3b07 t do_twofish_setkey
000000000001554d t do_uncompress
0000000000012991 t do_user_id
000000000005b55c t do_we_trust
000000000005b6ed t do_we_trust_pre
000000000004e5df t do_writecert
000000000004fb52 t do_writekey
0000000000085439 t drop_from_hashtable
00000000000bdfb2 T dsa2_generate
00000000000be074 T dsa_check_secret_key
00000000000be03c T dsa_generate
00000000000be383 T dsa_get_info
00000000000be356 T dsa_get_nbits
00000000000be13f T dsa_sign
00000000000be266 T dsa_verify
0000000000130528 D __dso_handle
0000000000133280 d dummy.1
000000000009ac86 t dummy_decrypt
000000000009ac56 t dummy_encrypt
000000000009acb6 t dummy_sign
000000000009ace6 t dummy_verify
000000000004c08b t dump_all_do
000000000003f02e T dump_attribs
0000000000031ea1 t dump_hex_line
00000000000229b1 T dump_kbnode
0000000000080adf t dump_key_array
0000000000056740 t dump_pcsc_reader_status
00000000000556d4 t dump_reader_status
0000000000033035 t dump_sig_subpkt
                 U dup2@GLIBC_2.2.5
000000000012fdd0 d _DYNAMIC
00000000000effcd t dynamic_buffer_out
0000000000135d80 D _edata
000000000005b4bf T edit_ownertrust
00000000000b9478 T elg_check_secret_key
00000000000b9616 T elg_decrypt
00000000000b9527 T elg_encrypt
00000000000b9401 T elg_generate
00000000000b973e T elg_get_info
00000000000b9711 T elg_get_nbits
0000000000077224 t enable_disable_key
000000000007769c T enarmor_file
000000000006499c T encode_crypt
0000000000065965 T encode_crypt_files
000000000002203e T encode_md_value
000000000000b78a t encode_s2k_iterations
0000000000063ab6 t encode_seskey
0000000000021a90 T encode_session_key
0000000000063d8a t encode_simple
0000000000063a92 T encode_store
0000000000063a6e T encode_symmetric
00000000000b166a t encrypt_block
00000000000b2c17 t encrypt_block
00000000000b8716 t encrypt_block
00000000000653d9 T encrypt_filter
0000000000135140 d encrypt_rotate_tab
0000000000137fd8 B _end
00000000000808f0 T enum_cert_paths
000000000008090b T enum_cert_paths_print
000000000001c738 T enum_secret_keys
0000000000033ed7 T enum_sig_subpkt
0000000000136afc b eof_emmited.0
                 U __errno_location@GLIBC_2.2.5
0000000000137780 b error.1
0000000000137958 b errorcount
00000000000f023c T estream_asprintf
00000000000ef4b7 T estream_format
00000000000efc50 T estream_fprintf
00000000000efb95 T estream_printf
00000000000eff15 T estream_snprintf
00000000000f0102 T estream_vasprintf
00000000000efd0b T estream_vfprintf
00000000000efe35 T estream_vsnprintf
000000000007dce4 t exact_subkey_match_p
000000000009870e T exec_finish
                 U execlp@GLIBC_2.2.5
00000000000984d6 T exec_read
0000000000097efc T exec_write
                 U _exit@GLIBC_2.2.5
                 U exit@GLIBC_2.2.5
0000000000097be2 t expand_args
000000000005c002 t expand_group
000000000005bf5e t expand_id
00000000000b7cf8 t expand_key
00000000000302d8 T expirestr_from_pk
0000000000030372 T expirestr_from_sig
0000000000030325 T expirestr_from_sk
0000000000069b94 t export_minimal_pk
0000000000082f54 T export_ownertrust
000000000007d968 T export_pubkeys
000000000007d98d T export_pubkeys_stream
000000000007d9e9 T export_seckeys
000000000007da0d T export_secsubkeys
0000000000111ea0 r exp_to_poly
00000000001378b0 b faked_rng
00000000000291c8 t fake_packet
00000000000bd146 T fast_random_poll
                 U fclose@GLIBC_2.2.5
                 U fcntl@GLIBC_2.2.5
00000000000e5ae7 t fd_cache_close
00000000000e5862 t fd_cache_invalidate
00000000000e5c6d t fd_cache_open
00000000000e583d t fd_cache_strcmp
00000000000e599b t fd_cache_synchronize
                 U fdopen@GLIBC_2.2.5
0000000000136e88 b fd_passwd
0000000000135d14 d fd_random.1
0000000000135d18 d fd_urandom.0
                 U ferror@GLIBC_2.2.5
0000000000048aff t fetch_url
                 U fflush@GLIBC_2.2.5
                 U fgets@GLIBC_2.2.5
00000000000e5dc5 t file_filter
                 U fileno@GLIBC_2.2.5
000000000002265d T find_kbnode
00000000000e31b3 t find_long_option
000000000002259a T find_next_kbnode
000000000006b91d t find_pk_from_sknode
0000000000022540 T find_prev_kbnode
0000000000046039 T find_tlv
00000000000460a4 T find_tlv_unchecked
00000000000306ab T fingerprint_from_pk
000000000003093e T fingerprint_from_sk
00000000000f3530 T _fini
000000000001bc94 t finish_lookup
0000000000078832 t fix_bad_direct_key_sigs
00000000000efd3f t fixed_buffer_out
000000000006e431 t fix_keyblock
00000000000786d1 t fix_pks_corruption
0000000000019b1e t fixup_uidnode
000000000004bbd3 t flush_cache
000000000004bb34 t flush_cache_after_error
000000000004b960 t flush_cache_item
0000000000137a20 b fmt.0
0000000000137920 b fnc.1
0000000000137918 b fnc.3
                 U fopen@GLIBC_2.2.5
                 U fork@GLIBC_2.2.5
000000000004312f t format_cacheid
                 U fprintf@GLIBC_2.2.5
0000000000046fe1 t fpr_is_ff
0000000000046fa6 t fpr_is_zero
                 U fputc@GLIBC_2.2.5
                 U fputs@GLIBC_2.2.5
0000000000009b50 t frame_dummy
000000000012fdc0 d __frame_dummy_init_array_entry
000000000012e90c r __FRAME_END__
                 U fread@GLIBC_2.2.5
000000000001ce20 t free_akl
00000000000166c8 T free_attributes
00000000000166ad T free_comment
00000000000167af T free_compressed
00000000000167f7 T free_encrypted
                 U free@GLIBC_2.2.5
0000000000091fb6 T free_keyserver_spec
000000000002bc18 T free_md_filter_context
0000000000022359 t free_node
0000000000014836 T free_notation
0000000000016939 T free_packet
0000000000016898 T free_plaintext
0000000000015cda T free_pubkey_enc
0000000000015f30 T free_public_key
0000000000015d4f T free_seckey_enc
00000000000165bf T free_secret_key
00000000000df4a2 T free_strlist
0000000000015cbf T free_symkey_enc
000000000001671b T free_user_id
0000000000134778 d from.2
                 U fseeko@GLIBC_2.2.5
                 U fstat@GLIBC_2.33
                 U fsync@GLIBC_2.2.5
                 U ftruncate@GLIBC_2.2.5
00000000000f84b0 r __FUNCTION__.0
00000000000f89e0 r __FUNCTION__.0
00000000000f8c90 r __FUNCTION__.0
00000000000f972e r __FUNCTION__.0
00000000000f98f8 r __FUNCTION__.0
00000000000fb7d0 r __FUNCTION__.0
00000000001039f8 r __FUNCTION__.0
0000000000103d16 r __FUNCTION__.0
0000000000104130 r __FUNCTION__.0
00000000001043e0 r __FUNCTION__.0
0000000000104ab8 r __FUNCTION__.0
0000000000105928 r __FUNCTION__.0
000000000010db00 r __FUNCTION__.0
000000000010fe60 r __FUNCTION__.0
0000000000110490 r __FUNCTION__.0
0000000000118968 r __FUNCTION__.0
0000000000118bb8 r __FUNCTION__.0
0000000000118fe0 r __FUNCTION__.0
000000000011a930 r __FUNCTION__.0
000000000011c8d0 r __FUNCTION__.0
00000000000f84a5 r __FUNCTION__.1
00000000000f8c80 r __FUNCTION__.1
00000000000f8de0 r __FUNCTION__.1
00000000000f98e0 r __FUNCTION__.1
00000000000f9fe8 r __FUNCTION__.1
00000000000fdd20 r __FUNCTION__.1
00000000000fe3e0 r __FUNCTION__.1
00000000000ff190 r __FUNCTION__.1
00000000001039e0 r __FUNCTION__.1
0000000000105910 r __FUNCTION__.1
000000000010bb60 r __FUNCTION__.1
000000000010dae8 r __FUNCTION__.1
0000000000110770 r __FUNCTION__.1
0000000000110910 r __FUNCTION__.1
0000000000118961 r __FUNCTION__.1
000000000011ab78 r __FUNCTION__.1
000000000011c4f0 r __FUNCTION__.1
00000000000f9f20 r __FUNCTION__.10
000000000010d6b8 r __FUNCTION__.10
000000000011c460 r __FUNCTION__.10
000000000010d6a8 r __FUNCTION__.11
000000000010d690 r __FUNCTION__.12
00000000000f95d8 r __FUNCTION__.14
00000000000fc210 r __FUNCTION__.15
000000000010d660 r __FUNCTION__.15
00000000000fc1fa r __FUNCTION__.16
000000000010d648 r __FUNCTION__.16
000000000010d630 r __FUNCTION__.17
00000000000fc1f0 r __FUNCTION__.18
000000000010d618 r __FUNCTION__.18
000000000010d608 r __FUNCTION__.19
00000000000f8490 r __FUNCTION__.2
00000000000fb318 r __FUNCTION__.2
00000000000feae8 r __FUNCTION__.2
0000000000110908 r __FUNCTION__.2
0000000000118b90 r __FUNCTION__.2
0000000000118f00 r __FUNCTION__.2
00000000000f8470 r __FUNCTION__.3
00000000000f96e0 r __FUNCTION__.3
00000000000f9fc8 r __FUNCTION__.3
00000000000fead8 r __FUNCTION__.3
0000000000104398 r __FUNCTION__.3
0000000000104598 r __FUNCTION__.3
0000000000108a70 r __FUNCTION__.3
000000000010adc0 r __FUNCTION__.3
0000000000110620 r __FUNCTION__.3
00000000001108f8 r __FUNCTION__.3
000000000011c4d0 r __FUNCTION__.3
00000000000fb2f0 r __FUNCTION__.4
000000000010fe38 r __FUNCTION__.4
00000000001108e0 r __FUNCTION__.4
00000000000f96a8 r __FUNCTION__.5
00000000000fb2e0 r __FUNCTION__.5
0000000000109eb0 r __FUNCTION__.5
000000000010adb0 r __FUNCTION__.5
0000000000118ee8 r __FUNCTION__.5
00000000000f9690 r __FUNCTION__.6
00000000000f9f80 r __FUNCTION__.6
0000000000108a30 r __FUNCTION__.6
0000000000109ea0 r __FUNCTION__.6
0000000000118ed0 r __FUNCTION__.6
00000000000f9670 r __FUNCTION__.7
00000000000f9f60 r __FUNCTION__.7
000000000011c488 r __FUNCTION__.7
000000000010bb00 r __FUNCTION__.8
000000000011c470 r __FUNCTION__.8
                 U fwrite@GLIBC_2.2.5
0000000000137c54 B g10c_debug_mode
0000000000135db0 B g10_errors_seen
00000000000e5439 T g10_errstr
00000000000119a1 T g10_exit
00000000000dd64a T g10_log_bug
00000000000dd72c T g10_log_bug0
00000000000dd769 T g10_log_debug
00000000000dd4bf T g10_log_error
00000000000dd586 T g10_log_fatal
00000000000dd821 T g10_log_hexdump
00000000000dd315 T g10_log_info
00000000000d7f82 T g10_log_mpidump
00000000000dd285 T g10_log_print_prefix
00000000000dd3cd T g10_log_warning
0000000000137c40 B g10_opt_homedir
0000000000137c5c B g10_opt_verbose
00000000000bd368 t gather_faked
0000000000042828 T gcry_md_algo_name
000000000004276f T gcry_md_hash_buffer
0000000000042729 T gcry_mpi_release
0000000000042744 T gcry_mpi_set_opaque
0000000000090301 t gen_card_key
0000000000090725 t gen_card_key_with_backup
0000000000069f37 T gen_desig_revoke
000000000008a1d7 t gen_dsa
0000000000089e1d t gen_elg
00000000000b8e71 t generate
00000000000b992e t generate
00000000000bd7ed t generate
000000000004a178 t generate_card_keys
000000000008fe95 T generate_card_subkeypair
00000000000ba798 T generate_elg_prime
000000000008ddb6 T generate_keypair
0000000000096fca T generate_photo_id
00000000000ba765 T generate_public_prime
000000000008e5eb t generate_raw_key
00000000000ba732 T generate_secret_prime
000000000008f9b2 T generate_subkeypair
000000000008c520 T generate_user_id
00000000000b8c13 t gen_k
00000000000bd4e7 t gen_k
0000000000044e95 t genkey_status_cb
00000000000bb280 t gen_prime
000000000006a83c T gen_revoke
000000000008a63e t gen_rsa
000000000004b68c t get_cached_data
00000000000ebb77 T get_cert
                 U getc@GLIBC_2.2.5
000000000001ce0e T get_ctx_handle
0000000000048c77 t get_data_from_file
000000000000b81e T get_default_configname
0000000000097560 t get_default_photo_command
                 U getenv@GLIBC_2.2.5
                 U geteuid@GLIBC_2.2.5
00000000000bbe4d t getfnc_fast_random_poll
00000000000bbe40 t getfnc_gather_random
00000000000499f9 t get_info_for_key_operation
000000000005e30a t get_it
0000000000019223 T get_keyblock_byfprint
00000000000174c2 T getkey_disable_caches
000000000005eb79 T get_last_passphrase
000000000002e0b3 T get_libexecdir
000000000001cb4b T get_long_user_id_string
0000000000046a0a t get_manufacturer
000000000002e9bb T get_matching_datafile
00000000000ebafb T get_membuf
000000000007fb5c T get_min_ownertrust
00000000000e01b6 T get_native_charset
000000000004bc3c t get_one_do
00000000000486b6 t get_one_name
000000000005ea08 T get_override_session_key
000000000007faf8 T get_ownertrust
000000000007fc00 T get_ownertrust_info
000000000007fc21 T get_ownertrust_string
000000000007fbc0 t get_ownertrust_with_min
000000000008c60e t get_parameter
000000000008c68f t get_parameter_algo
000000000008cba1 t get_parameter_dek
000000000008cc19 t get_parameter_revkey
000000000008cbdd t get_parameter_s2k
000000000008c9b9 t get_parameter_u32
000000000008cb7f t get_parameter_uint
000000000008c647 t get_parameter_value
                 U getpid@GLIBC_2.2.5
0000000000026291 t get_pka_address
00000000000eb7ba T get_pka_info
0000000000017188 t get_primary_uid
000000000001765d T get_pubkey
0000000000017a3a T get_pubkeyblock
0000000000018f7b T get_pubkey_byfprint
00000000000190ae T get_pubkey_byfprint_fast
000000000001897b T get_pubkey_byname
0000000000018e7a T get_pubkey_bynames
0000000000018f24 T get_pubkey_end
0000000000017840 T get_pubkey_fast
0000000000018ec2 T get_pubkey_next
                 U getpwnam@GLIBC_2.2.5
                 U getpwuid@GLIBC_2.2.5
00000000000bc12f T get_random_bits
0000000000083881 t get_record_from_cache
                 U getrusage@GLIBC_2.2.5
0000000000017af9 T get_seckey
0000000000019627 T get_seckeyblock_byfprint
00000000000194f4 T get_seckey_byfprint
00000000000193f9 T get_seckey_byname
000000000001930e t get_seckey_byname2
000000000001942c T get_seckey_bynames
00000000000194d9 T get_seckey_end
0000000000019477 T get_seckey_next
000000000005e0b1 T get_session_key
000000000002c8b7 T get_session_marker
000000000005105c t get_sig_counter
000000000002cb3d t get_signature_count
00000000000f088e T getsrv
00000000000389e7 t get_status_string
                 U gettext@GLIBC_2.2.5
                 U gettimeofday@GLIBC_2.2.5
0000000000084d04 t get_trusthashrec
                 U getuid@GLIBC_2.2.5
000000000001cc9c T get_user_id
000000000001cdbd T get_user_id_native
000000000001c998 T get_user_id_string
000000000001caf6 T get_user_id_string_native
00000000000803f4 T get_validity
00000000000807b2 t get_validity_counts
0000000000080704 T get_validity_info
0000000000080755 T get_validity_string
000000000012ffe8 d _GLOBAL_OFFSET_TABLE_
0000000000137c50 B glo_ctrl
                 w __gmon_start__
                 U gmtime@GLIBC_2.2.5
000000000011d540 r __GNU_EH_FRAME_HDR
0000000000041f15 t got_fatal_signal
0000000000137ae0 b got_name.1
00000000000420b8 t got_usr_signal
000000000000b021 t gpgconf_list
0000000000015b31 T handle_compressed
00000000000dfe46 t handle_iconv_error
000000000003a18b T handle_plaintext
000000000002c4b6 T handle_progress
00000000000eaea4 t has_dotdot_after_at
000000000003b86b T hash_datafiles
0000000000066a90 t hash_for
0000000000060ced t hash_passphrase
0000000000136f60 b hash_prefs
000000000002f115 T hash_public_key
0000000000066191 t hash_sigversion_to_magic
000000000006608a t hash_uid
000000000003caec t hash_uid_node
00000000000dfccd T has_invalid_email_chars
000000000005eaed T have_static_passphrase
0000000000133200 d head_strings
0000000000134520 d helptexts
00000000000ebfa6 T hex2bin
00000000000ec5e2 T hex2str
00000000000ec929 T hex2str_alloc
00000000000ec1ac T hexcolon2bin
00000000000f02f0 T hextobyte
00000000001308c0 d homedir_cache.4
000000000005584e t host_sw_string
000000000007f22c T how_to_fix_the_trustdb
0000000000009fb9 t i18n_init
                 U iconv_close@GLIBC_2.2.5
                 U iconv@GLIBC_2.2.5
                 U iconv_open@GLIBC_2.2.5
00000000000b87e9 t idea_decrypt
00000000000b8744 t idea_encrypt
00000000000b8967 T idea_get_info
00000000000b86d3 t idea_setkey
000000000013775c b idx.0
00000000000e255d t ignore_invalid_option_add
00000000000e275c t ignore_invalid_option_clear
00000000000e2504 t ignore_invalid_option_p
00000000000974e0 T image_type_to_string
0000000000077c58 t import
0000000000077baf T import_keys
000000000007794d t import_keys_internal
0000000000077bfa T import_keys_stream
0000000000077922 T import_new_stats_handle
0000000000079030 t import_one
0000000000083047 T import_ownertrust
0000000000077f0e T import_print_stats
0000000000077932 T import_release_stats_handle
000000000007a955 t import_revoke_cert
000000000007a3ea t import_secret_one
                 U inflate
                 U inflateEnd
                 U inflateInit_
                 U inflateInit2_
0000000000009000 T _init
00000000000151ab t init_compress
00000000000283d2 t initialize
00000000000bbe58 t initialize
00000000000e20f8 t initialize
0000000000137a88 b initialized
0000000000137748 b initialized.0
0000000000137928 b initialized.0
0000000000137b94 b initialized.0
00000000001377e8 b initialized.1
00000000001377f8 b initialized.1
0000000000137818 b initialized.1
0000000000137808 b initialized.10
0000000000137398 b initialized.2
000000000013689c b initialized.3
0000000000137828 b initialized.3
0000000000137910 b initialized.4
0000000000137758 b initialized.5
0000000000136f08 b initialized.7
00000000001377d8 b initialized.7
00000000000eb999 T init_membuf
0000000000041e7c t init_one_signal
00000000000e4b9e t init_pool
0000000000039522 T init_shm_coprocessing
00000000000420cc T init_signals
000000000007f2eb T init_trustdb
00000000000e1709 t init_ttyfp
0000000000015469 t init_uncompress
0000000000044c9e t inq_writekey_parms
00000000000224a8 T insert_kbnode
0000000000136f04 b in_transaction
0000000000028603 t invalid_armor
0000000000029888 t invalid_crc
00000000000b7dd3 t invert_key
0000000000135d60 d io.0
00000000000e6ee3 T iobuf_alloc
00000000000e7172 T iobuf_cancel
00000000000e6f77 T iobuf_close
00000000000e769a T iobuf_create
0000000000137c60 B iobuf_debug_mode
00000000000e6d98 t iobuf_desc
00000000000e729e T iobuf_enable_special_filenames
00000000000e7549 T iobuf_fdopen
00000000000e8847 T iobuf_flush
00000000000e90c6 T iobuf_flush_temp
00000000000e92cb T iobuf_get_fd
00000000000e9172 T iobuf_get_filelength
00000000000e95c9 T iobuf_get_fname
00000000000e9547 T iobuf_get_real_fname
00000000000e7984 T iobuf_ioctl
00000000000e734b T iobuf_is_pipe_filename
00000000000e7396 T iobuf_open
00000000000e784e T iobuf_openrw
00000000000e8d09 T iobuf_peek
00000000000e6ec4 T iobuf_print_chain
00000000000e7c03 T iobuf_push_filter
00000000000e7c32 T iobuf_push_filter2
00000000000e8b30 T iobuf_read
00000000000e89f0 T iobuf_readbyte
00000000000e9710 T iobuf_read_line
00000000000e9368 T iobuf_seek
00000000000e9101 T iobuf_set_limit
00000000000e9624 T iobuf_set_partial_block_mode
00000000000e9953 T iobuf_skip_rest
00000000000e7670 T iobuf_sockopen
00000000000e934b T iobuf_tell
00000000000e722b T iobuf_temp
00000000000e9073 T iobuf_temp_to_buffer
00000000000e724c T iobuf_temp_with_content
00000000000e9935 T iobuf_translate_file_handle
00000000000e8ecd T iobuf_write
00000000000e8dff T iobuf_writebyte
00000000000e8fc9 T iobuf_writestr
00000000000e9015 T iobuf_write_temp
00000000000f4000 R _IO_stdin_used
000000000005dfee t is_algo_in_prefs
0000000000028534 t is_armored
000000000002896e t is_armor_header
00000000000288b9 t is_armor_tag
                 U isatty@GLIBC_2.2.5
000000000005da8f t is_duplicated_entry
00000000000ddef6 T is_file_compressed
0000000000136880 b is_initialized
0000000000137860 b is_initialized
0000000000080d53 t is_in_klist
000000000005d916 t is_insecure
0000000000136f00 b is_locked
00000000000540f4 T iso7816_apdu_direct
00000000000544fd T iso7816_change_reference_data
000000000005436f T iso7816_change_reference_data_kp
000000000005422c T iso7816_check_keypad
000000000005490e T iso7816_compute_ds
0000000000054a10 T iso7816_decipher
0000000000054dbd T iso7816_generate_keypair
0000000000054e5d T iso7816_get_challenge
00000000000546c2 T iso7816_get_data
0000000000054bba T iso7816_internal_authenticate
0000000000054031 T iso7816_list_directory
0000000000054880 T iso7816_manage_security_env
0000000000053db5 T iso7816_map_sw
00000000000547bc T iso7816_put_data
000000000005481e T iso7816_put_data_odd
0000000000054f61 T iso7816_read_binary
0000000000054e0d T iso7816_read_public_key
0000000000055262 T iso7816_read_record
000000000005468f T iso7816_reset_retry_counter
000000000005454a T iso7816_reset_retry_counter_kp
0000000000054622 T iso7816_reset_retry_counter_with_rc
0000000000053dd9 T iso7816_select_application
0000000000053e44 T iso7816_select_file
0000000000053f02 T iso7816_select_path
000000000005433c T iso7816_verify
000000000005427c T iso7816_verify_kp
                 U __isoc99_sscanf@GLIBC_2.7
00000000000de4e3 T isotime2seconds
00000000000de421 T isotimestamp
00000000000bb7b8 t is_prime
0000000000061cc5 T is_secret_key_protected
000000000002c62c T is_secured_file
000000000002c63a T is_secured_filename
00000000000390f7 T is_status_enabled
00000000000dfd8a T is_valid_mailbox
00000000000a33ac t is_weak_key
                 w _ITM_deregisterTMCloneTable
                 w _ITM_registerTMCloneTable
0000000000137890 b just_mixed
0000000000119020 r k.2
0000000000119280 r k.2
00000000001186b0 r key_192.5
0000000000112180 r key_256.2
0000000000118700 r key_256.2
0000000000112140 r key.5
0000000000118680 r key.8
0000000000018533 t key_byname
000000000001d37c T keydb_add_resource
000000000001df62 T keydb_delete_keyblock
000000000001dcb1 T keydb_get_keyblock
000000000001da5a T keydb_get_resource_name
000000000001de4c T keydb_insert_keyblock
000000000001e043 T keydb_locate_writable
000000000001d798 T keydb_new
000000000001e1f0 T keydb_rebuild_caches
000000000001d989 T keydb_release
000000000001e35f T keydb_search2
000000000001e464 T keydb_search_first
000000000001e54a T keydb_search_fpr
000000000001e4ee T keydb_search_kid
000000000001e4a9 T keydb_search_next
000000000001e2be T keydb_search_reset
000000000001dd60 T keydb_update_keyblock
000000000006e622 T keyedit_menu
00000000000880c7 T keygen_add_key_expire
000000000008816f t keygen_add_key_flags_and_expire
000000000008923e T keygen_add_keyserver_url
00000000000892b1 T keygen_add_notations
0000000000089517 T keygen_add_revkey
00000000000891cf T keygen_add_std_prefs
0000000000088b84 T keygen_get_std_prefs
00000000000882f3 T keygen_set_std_prefs
0000000000089058 T keygen_upd_std_prefs
000000000002ff80 T keyid_from_fingerprint
000000000002fd84 T keyid_from_pk
00000000000300a6 T keyid_from_sig
000000000002fb8b T keyid_from_sk
0000000000095ea0 t keyidlist
00000000001368c0 b keyid_str.17
0000000000137870 b keypool
000000000005bdd6 t key_present_in_pk_list
000000000005da42 t key_present_in_sk_list
000000000001f42f T keyring_delete_keyblock
000000000001ec90 T keyring_get_keyblock
000000000001ea87 T keyring_get_resource_name
000000000001f319 T keyring_insert_keyblock
000000000001e912 T keyring_is_writable
000000000001eab6 T keyring_lock
000000000001e954 T keyring_new
0000000000020cce T keyring_rebuild_cache
000000000001e7cd T keyring_register_filename
000000000001e9f2 T keyring_release
000000000001fc30 T keyring_search
000000000001f544 T keyring_search_reset
000000000001f1cc T keyring_update_keyblock
00000000000b395e t key_schedule
0000000000093db3 t keyserver_errstr
0000000000095aa8 T keyserver_export
00000000000967f2 T keyserver_fetch
0000000000095bae T keyserver_import
0000000000096957 T keyserver_import_cert
0000000000095d8c T keyserver_import_fprint
0000000000095e2c T keyserver_import_keyid
0000000000096c8b T keyserver_import_ldap
0000000000096c10 T keyserver_import_name
0000000000096b2a T keyserver_import_pka
0000000000092162 T keyserver_match
0000000000134780 d keyserver_opts
0000000000096494 T keyserver_refresh
0000000000093acf t keyserver_retrieval_filter
000000000009679f T keyserver_search
00000000000934dd t keyserver_search_prompt
0000000000093e8e t keyserver_spawn
0000000000093a3a t keyserver_typemap
0000000000095862 t keyserver_work
000000000002f8cc T keystr
000000000002fae5 T keystr_from_desc
000000000002fa87 T keystr_from_pk
000000000002fab6 T keystr_from_sk
000000000002f867 T keystrlen
0000000000134400 d keywords.7
                 U kill@GLIBC_2.2.5
0000000000136340 b kr_names
0000000000136350 b kr_offtbl
0000000000136358 b kr_offtbl_ready
00000000001121c0 r ks0
00000000001125c0 r ks1
00000000001129c0 r ks2
0000000000112dc0 r ks3
0000000000136fb8 b ks_modify
00000000001332a4 d last_fd.0
0000000000133288 d last_fd.2
0000000000137a8c b last_prompt_len
0000000000136e98 b last_pw
0000000000043769 t learn_status_cb
00000000001350c0 D leftkey_swap
000000000002bc69 t len_without_trailing_chars
                 U __libc_start_main@GLIBC_2.34
                 U link@GLIBC_2.2.5
000000000003e48c t list_all
000000000000ab9c t list_config
00000000001369c8 b listfp
00000000000416ed T list_keyblock
00000000000402a9 t list_keyblock_colon
000000000003f305 t list_keyblock_print
00000000001369c4 b list_mode
0000000000024be6 t list_node
000000000003e6a1 t list_one
0000000000082ea9 T list_trustdb
00000000000808e5 T list_trust_path
0000000000136368 b literals_seen
00000000000996ba t load_cipher_modules
000000000009cc21 t load_digest_module
000000000009bc25 t load_pubkey_modules
                 U localtime@GLIBC_2.2.5
000000000001db3f t lock_all
0000000000136ef8 b lockhandle
00000000000e4a8c t lock_pool
00000000000bc435 t lock_seed_file
0000000000057a39 t lock_slot
0000000000137960 b logfp
00000000000dd22c T log_get_errorcount
00000000000dd1ca T log_get_name
00000000000dd251 T log_inc_errorcount
0000000000042857 T log_printf
0000000000042901 T log_printhex
00000000000dd05b T log_set_logfile
00000000000dd185 T log_set_name
00000000000dd1ec T log_set_pid
00000000000dd267 T log_set_strict
00000000000dd15e T log_stream
00000000000e3d68 t long_opt_strlen
000000000001c405 t lookup
000000000008579e t lookup_hashtable
000000000001e5e4 t lookup_offset_hash_table
                 U lseek@GLIBC_2.2.5
00000000000eaef9 t mailbox_from_userid
000000000000ba13 T main
000000000003747e T make_attribute_uidname
00000000000895bb T make_backsig
00000000000dd8a1 T make_basename
000000000009135c t make_control
00000000000dd8ed T make_dirname
00000000000ddb01 T make_filename
000000000006902d T make_keysig_packet
000000000002e3c5 T make_outfile_name
00000000000deb83 T make_printable_string
000000000002b1ea T make_radix64_string
0000000000021982 T make_session_key
000000000009799c t make_tempdir
00000000000de053 T make_timestamp
000000000000a05e t make_username
                 U malloc@GLIBC_2.2.5
0000000000053a49 t map_sw
00000000001368a0 b marker.2
0000000000080a6b t mark_keyblock_seen
0000000000080da4 t mark_usable_uid_certs
0000000000066a41 t match_dsa_hash
00000000000df422 T match_multistr
0000000000137b18 b max_alloced
0000000000137b20 b max_blocks
0000000000134770 d max_cert_size
000000000001d0da t maybe_create_keyring
00000000000e9ab4 t maybe_deadlock
0000000000130540 d maybe_setuid
00000000000e48cc T m_check
000000000002ca4e T md5_digest_warn
00000000000bf15e t md5_final
00000000000bf394 T md5_get_info
00000000000be3f0 t md5_init
00000000000bf382 t md5_read
00000000000befe6 t md5_write
000000000009d7e3 T md_algo_present
000000000009d897 T md_asn_oid
0000000000136fb4 b mdc_available
0000000000062f17 t mdc_decode_filter
000000000009d315 T md_close
000000000009d139 T md_copy
000000000009d5fe T md_digest
000000000009d828 T md_digest_length
000000000009cfc7 T md_enable
000000000002bafd T md_filter
000000000009d4bf T md_final
000000000009d794 T md_get_algo
000000000009cf41 T md_open
000000000009d53c T md_read
000000000009d297 T md_reset
0000000000110da0 r mds
000000000009d93a T md_start_debug
000000000009d9e9 T md_stop_debug
00000000000e4653 T m_dump_table
000000000009d386 T md_write
00000000000df9c7 T mem2str
0000000000045323 t membuf_data_cb
                 U memchr@GLIBC_2.2.5
                 U memcmp@GLIBC_2.2.5
                 U memcpy@GLIBC_2.14
00000000000df7af T memistr
                 U memmove@GLIBC_2.2.5
0000000000137c48 B memory_debug_mode
0000000000137c58 B memory_stat_debug_mode
                 U memrchr@GLIBC_2.2.5
                 U memset@GLIBC_2.2.5
000000000007334c t menu_addrevoker
00000000000725d5 t menu_adduid
0000000000073f22 t menu_backsign
0000000000072f6f t menu_clean
00000000000731ad t menu_delkey
0000000000072c89 t menu_delsig
0000000000072a9f t menu_deluid
00000000000739a4 t menu_expire
0000000000076e02 t menu_revkey
0000000000076180 t menu_revsig
0000000000076fc2 t menu_revsubkey
0000000000076a89 t menu_revuid
0000000000075b85 t menu_select_key
00000000000758cc t menu_select_uid
0000000000075a20 t menu_select_uid_namehash
0000000000074cbc t menu_set_keyserver_url
00000000000751f8 t menu_set_notation
000000000007499b t menu_set_preferences
0000000000074578 t menu_set_primary_uid
00000000000772a0 t menu_showphoto
000000000007c1b2 t merge_blocks
000000000001970f T merge_keys_and_selfsig
000000000007ccbc t merge_keysigs
000000000001b7cc t merge_public_with_secret
000000000001b4fd t merge_selfsigs
0000000000019fde t merge_selfsigs_main
000000000001af88 t merge_selfsigs_subkey
000000000007cae1 t merge_sigs
0000000000087216 t migrate_from_v2
00000000000e5275 T m_is_secure
00000000000bc25f t mix_pool
00000000000301c5 t mk_datestr
                 U mkdir@GLIBC_2.2.5
                 U mkdtemp@GLIBC_2.2.5
0000000000065bc2 t mk_notation_policy_etc
                 U mktime@GLIBC_2.2.5
                 U mlock@GLIBC_2.2.5
                 U mmap@GLIBC_2.2.5
00000000000bbaea t m_out_of_n
00000000000228c4 T move_kbnode
00000000000d2c37 T mpi_add
00000000000d3158 T mpi_addm
00000000000d2acd T mpi_add_ui
00000000000dbbd6 T mpi_alloc
00000000000dc2c2 T mpi_alloc_like
00000000000dbd3d T mpi_alloc_limb_space
00000000000dbc9f T mpi_alloc_secure
00000000000dc68e T mpi_alloc_set_ui
00000000000dbdfc T mpi_assign_limb_space
00000000000dbeab T mpi_clear
00000000000d35bb T mpi_clear_bit
00000000000d352c T mpi_clear_highbit
00000000000d3914 T mpi_cmp
00000000000d387b T mpi_cmp_ui
00000000000dc147 T mpi_copy
0000000000137c4c B mpi_debug_mode
00000000000d4643 T mpi_divisible_ui
00000000000d3caf T mpi_fdiv_q
00000000000d3d01 T mpi_fdiv_qr
00000000000d3b7e T mpi_fdiv_r
00000000000d3c2e T mpi_fdiv_r_ui
00000000000dbed7 T mpi_free
00000000000dbda7 T mpi_free_limb_space
00000000000d7bad T mpi_fromstr
00000000000d467b T mpi_gcd
00000000000d824f T mpi_get_buffer
00000000000dc79b T mpi_get_flags
00000000000d7fd3 T mpi_get_keyid
00000000000d3257 T mpi_get_nbits
00000000000dc755 T mpi_get_nlimbs
00000000000dc0f7 T mpi_get_opaque
00000000000d827e T mpi_get_secure_buffer
00000000000d484a T mpihelp_add
00000000000d475f T mpihelp_add_1
00000000000dc921 T mpihelp_addmul_1
00000000000dcca1 T mpihelp_add_n
00000000000d8592 T mpihelp_cmp
00000000000d9e9f T mpihelp_divmod_1
00000000000d8d11 T mpihelp_divrem
00000000000dce7d T mpihelp_lshift
00000000000d8616 T mpihelp_mod_1
00000000000db9ae T mpihelp_mul
00000000000dc7ac T mpihelp_mul_1
00000000000db5be T mpihelp_mul_karatsuba_case
00000000000db49c T mpihelp_mul_n
00000000000db8f7 T mpihelp_release_karatsuba_ctx
00000000000dcf74 T mpihelp_rshift
00000000000d49cf T mpihelp_sub
00000000000d48e0 T mpihelp_sub_1
00000000000dcadf T mpihelp_submul_1
00000000000dcd8d T mpihelp_sub_n
00000000000daf99 T mpih_sqr_n
00000000000dae05 T mpih_sqr_n_basecase
00000000000d4a65 T mpi_invm
00000000000dc766 T mpi_is_neg
00000000000d36d7 T mpi_lshift_limbs
00000000000dbc74 T mpi_m_check
00000000000d5258 T mpi_mul
00000000000d50c0 T mpi_mul_2exp
00000000000d56d6 T mpi_mulm
00000000000d7112 T mpi_mulpowm
00000000000d4fe2 T mpi_mul_ui
00000000000dc789 T mpi_nlimb_hint_from_nbits
00000000000dc777 T mpi_nlimb_hint_from_nbytes
00000000000d31ea T mpi_normalize
00000000000d58a0 T mpi_powm
00000000000d7e64 T mpi_print
00000000001369c0 b mpi_print_mode
00000000000d76ca T mpi_read
00000000000d79eb T mpi_read_from_buffer
00000000000dbe37 T mpi_resize
00000000000d362f T mpi_rshift
00000000000d37ce T mpi_rshift_limbs
00000000000dc3e3 T mpi_set
00000000000d3397 T mpi_set_bit
00000000000d82ad T mpi_set_buffer
00000000000dc4b2 T mpi_set_cond
00000000000d342f T mpi_set_highbit
00000000000dc063 T mpi_set_opaque
00000000000dbf69 T mpi_set_secure
00000000000dc61e T mpi_set_ui
00000000000d30a9 T mpi_sub
00000000000d31a1 T mpi_subm
00000000000d2f38 T mpi_sub_ui
00000000000dc6da T mpi_swap
00000000000d4518 T mpi_tdiv_q_2exp
00000000000d3dfb T mpi_tdiv_qr
00000000000d3dcb T mpi_tdiv_r
00000000000d333a T mpi_test_bit
00000000000d7516 T mpi_trailing_zeros
00000000000d7614 T mpi_write
00000000000e4648 T m_print_stats
00000000000e48d7 T m_size
00000000000b7c1f t mul_inv
00000000000d571f t mul_mod
00000000000da796 t mul_n
00000000000da5fc t mul_n_basecase
                 U munmap@GLIBC_2.2.5
0000000000039a46 t myread
0000000000137ae8 b name.0
00000000000300e0 T namehash_from_uid
00000000000e01c3 T native_to_utf8
000000000003016c T nbits_from_pk
000000000003019a T nbits_from_sk
0000000000137b90 b never_lock
00000000000282de T new_armor_context
0000000000022384 T new_kbnode
000000000007e9c6 t new_key_hash_table
000000000007e962 t new_key_item
000000000009cb47 t new_list_item
000000000001e5c8 t new_offset_hash_table
000000000001e5ac t new_offset_item
00000000000553a3 t new_reader_slot
000000000007dc61 t new_subkey_list_item
0000000000136e90 b next_pw
000000000005eb99 T next_to_last_passphrase
0000000000136f80 b nhash_prefs
                 U nl_langinfo@GLIBC_2.2.5
0000000000137848 b no_of_small_prime_numbers
000000000007240b t no_primary_warning
00000000001378a4 b no_seed_file_locking
0000000000137a94 b no_terminal
000000000002cad0 T not_in_gpg1_notice
0000000000137a60 b no_translation
0000000000137b30 b no_warning
0000000000136f50 b nsym_prefs
                 U ntohs@GLIBC_2.2.5
0000000000137b84 b number.9
0000000000136fb0 b nzip_prefs
0000000000066c9c t only_old_style
0000000000042e02 t open_card
0000000000042cc1 t open_card_via_agent
0000000000056121 t open_ct_reader
00000000000846c8 t open_db
00000000000c4668 t open_device
                 U open@GLIBC_2.2.5
000000000000a1f5 t open_info_file
000000000002e6c5 T open_outfile
0000000000057a1f t open_pcsc_reader
00000000000572f3 t open_pcsc_reader_direct
000000000002c92f T openpgp_cipher_test_algo
000000000002ca24 T openpgp_md_test_algo
000000000002c9a3 T openpgp_pk_algo_usage
000000000002c959 T openpgp_pk_test_algo
000000000002eaef T open_sigfile
0000000000137c80 B opt
00000000000e27ab T optfile_parse
000000000002da22 t optlen
00000000001308e0 d opts
000000000002d81e T optsep
00000000000e466e t out_of_core
000000000002e2b7 T overwrite_filep
00000000000ededb t pad_out
000000000003130d t parse
0000000000052eec t parse_algorithm_attribute
0000000000037610 t parse_attribute
0000000000037003 T parse_attribute_subpkts
000000000001ce9b T parse_auto_key_locate
00000000000460da T parse_ber_header
00000000000377d3 t parse_comment
000000000003805c t parse_compressed
000000000008b79a t parse_creation_string
000000000003815c t parse_encrypted
000000000008b6d1 T parse_expire_string
000000000007d908 T parse_export_options
00000000000ecc99 t parse_format
00000000000384b0 t parse_gpg_control
000000000002861b t parse_hash_header
0000000000028c19 t parse_header_line
0000000000052d9e t parse_historical
000000000009740a T parse_image_header
00000000000778c2 T parse_import_options
0000000000035634 t parse_key
0000000000028b34 T parse_key_failed_line
0000000000092c8c t parse_keyrec
0000000000091df6 T parse_keyserver_options
00000000000921b1 T parse_keyserver_uri
0000000000019a59 t parse_key_usage
000000000000b2cc t parse_list_options
000000000004c504 t parse_login_data
00000000000323be t parse_marker
000000000003838c t parse_mdc
0000000000034fe5 t parse_onepass_sig
0000000000033be2 T parse_one_sig_subpkt
000000000002da67 T parse_options
000000000008c719 t parse_parameter_usage
0000000000037bde t parse_plaintext
000000000009285b T parse_preferred_keyserver
0000000000032caa t parse_pubkeyenc
00000000000342dc T parse_revkeys
000000000008c838 t parse_revocation_key
000000000004635f T parse_sexp
00000000000343ac T parse_signature
000000000006e550 t parse_sign_type
000000000003424f T parse_sig_subpkt
0000000000034282 T parse_sig_subpkt2
000000000000b0c4 t parse_subpacket_list
00000000000325b8 t parse_symkeyenc
00000000000379da t parse_trust
000000000000b488 t parse_trust_model
0000000000037274 t parse_user_id
0000000000060042 T passphrase_clear_cache
00000000000604c0 T passphrase_to_dek
000000000002e0c0 T path_access
000000000004217d T pause_on_sigusr
0000000000136e7c b pcsc_api_loaded.3
0000000000137f90 B pcsc_begin_transaction
0000000000137fa0 B pcsc_connect
0000000000137f78 B pcsc_disconnect
0000000000137fb8 B pcsc_end_transaction
00000000000563bd t pcsc_error_string
0000000000056668 t pcsc_error_to_sw
0000000000137fa8 B pcsc_establish_context
0000000000056a27 t pcsc_get_status
0000000000137fc0 B pcsc_get_status_change
00000000000568ae t pcsc_get_status_direct
0000000000137fd0 B pcsc_list_readers
0000000000137f98 B pcsc_reconnect
0000000000137f80 B pcsc_release_context
0000000000056bee t pcsc_send_apdu
0000000000056a49 t pcsc_send_apdu_direct
0000000000137fb0 B pcsc_set_timeout
0000000000137f88 B pcsc_status
0000000000137fc8 B pcsc_transmit
000000000002cba3 T pct_expando
0000000000136ed8 b pending_check_trustdb
000000000005f55b t percent_plus_escape
0000000000137950 b pgm_name
0000000000137940 b pidstring
0000000000044641 t pin_cb
                 U pipe@GLIBC_2.2.5
000000000009144e t pipemode_filter
000000000002637b t pka_uri_from_sig
0000000000135dd8 b pk_cache
0000000000135de4 b pk_cache_disabled
0000000000135de0 b pk_cache_entries
0000000000021df6 T pkcs1_encode_md
000000000001752f t pk_from_block
00000000000efb49 t plain_stdio_out
00000000001186d0 r plaintext_192.4
00000000001121a0 r plaintext_256.1
0000000000118720 r plaintext_256.1
0000000000112150 r plaintext.4
0000000000118690 r plaintext.7
0000000000111da0 r poly_to_exp
0000000000137af0 b pool
000000000013788c b pool_balance
0000000000137888 b pool_filled
0000000000137afc b pool_is_mmapped
0000000000137b08 b poollen
0000000000137af8 b pool_okay
0000000000137878 b pool_readpos
0000000000137b00 b poolsize
0000000000137880 b pool_writepos
00000000000e7f40 t pop_filter
00000000000df732 T pop_strlist
00000000000eee9b t pr_bytes_so_far
00000000000eeb5a t pr_char
0000000000137be0 b prefix_buffer
0000000000136f20 b prefs_initialized
000000000001ba1a t premerge_public_with_secret
00000000000b5abe t prepare_decryption
000000000001f5dc t prepare_search
000000000001f927 t prepare_word_match
00000000000f8df0 r __PRETTY_FUNCTION__.0
00000000000f9ff8 r __PRETTY_FUNCTION__.0
00000000000fa1d0 r __PRETTY_FUNCTION__.0
00000000000fb350 r __PRETTY_FUNCTION__.0
00000000000fb880 r __PRETTY_FUNCTION__.0
00000000000fc250 r __PRETTY_FUNCTION__.0
00000000000fd540 r __PRETTY_FUNCTION__.0
00000000000fdf50 r __PRETTY_FUNCTION__.0
00000000000fe400 r __PRETTY_FUNCTION__.0
00000000000feb70 r __PRETTY_FUNCTION__.0
00000000000ff1b0 r __PRETTY_FUNCTION__.0
0000000000100bf0 r __PRETTY_FUNCTION__.0
0000000000102d50 r __PRETTY_FUNCTION__.0
00000000001045d8 r __PRETTY_FUNCTION__.0
0000000000104680 r __PRETTY_FUNCTION__.0
0000000000105120 r __PRETTY_FUNCTION__.0
0000000000108ab0 r __PRETTY_FUNCTION__.0
0000000000109f18 r __PRETTY_FUNCTION__.0
000000000010ae18 r __PRETTY_FUNCTION__.0
000000000010bb80 r __PRETTY_FUNCTION__.0
000000000010d870 r __PRETTY_FUNCTION__.0
0000000000110648 r __PRETTY_FUNCTION__.0
000000000011a630 r __PRETTY_FUNCTION__.0
000000000011a678 r __PRETTY_FUNCTION__.0
000000000011a798 r __PRETTY_FUNCTION__.0
000000000011a880 r __PRETTY_FUNCTION__.0
000000000011a978 r __PRETTY_FUNCTION__.0
000000000011c500 r __PRETTY_FUNCTION__.0
000000000011ce00 r __PRETTY_FUNCTION__.0
000000000011cfd0 r __PRETTY_FUNCTION__.0
00000000000f89c0 r __PRETTY_FUNCTION__.1
00000000000f9720 r __PRETTY_FUNCTION__.1
00000000000fa1c0 r __PRETTY_FUNCTION__.1
00000000000fb330 r __PRETTY_FUNCTION__.1
00000000000fc230 r __PRETTY_FUNCTION__.1
00000000000feb00 r __PRETTY_FUNCTION__.1
0000000000101d40 r __PRETTY_FUNCTION__.1
0000000000102d48 r __PRETTY_FUNCTION__.1
0000000000104120 r __PRETTY_FUNCTION__.1
00000000001043c0 r __PRETTY_FUNCTION__.1
00000000001045c0 r __PRETTY_FUNCTION__.1
0000000000104aa8 r __PRETTY_FUNCTION__.1
0000000000105108 r __PRETTY_FUNCTION__.1
0000000000108a90 r __PRETTY_FUNCTION__.1
0000000000109f08 r __PRETTY_FUNCTION__.1
000000000010ae00 r __PRETTY_FUNCTION__.1
000000000010d850 r __PRETTY_FUNCTION__.1
000000000010fe50 r __PRETTY_FUNCTION__.1
0000000000110638 r __PRETTY_FUNCTION__.1
00000000001188b0 r __PRETTY_FUNCTION__.1
0000000000118ba8 r __PRETTY_FUNCTION__.1
0000000000118fd0 r __PRETTY_FUNCTION__.1
000000000011a788 r __PRETTY_FUNCTION__.1
000000000011cdf0 r __PRETTY_FUNCTION__.1
00000000000f9620 r __PRETTY_FUNCTION__.10
0000000000101d08 r __PRETTY_FUNCTION__.10
00000000000f9610 r __PRETTY_FUNCTION__.11
0000000000101cf8 r __PRETTY_FUNCTION__.11
000000000011c450 r __PRETTY_FUNCTION__.11
00000000000f95f8 r __PRETTY_FUNCTION__.12
0000000000101ce0 r __PRETTY_FUNCTION__.12
000000000011c440 r __PRETTY_FUNCTION__.12
00000000000f95e8 r __PRETTY_FUNCTION__.13
0000000000101cd0 r __PRETTY_FUNCTION__.13
000000000010d680 r __PRETTY_FUNCTION__.13
000000000011c430 r __PRETTY_FUNCTION__.13
0000000000101cc0 r __PRETTY_FUNCTION__.14
000000000010d678 r __PRETTY_FUNCTION__.14
000000000011c420 r __PRETTY_FUNCTION__.14
0000000000101cb0 r __PRETTY_FUNCTION__.15
0000000000101c58 r __PRETTY_FUNCTION__.17
0000000000101c28 r __PRETTY_FUNCTION__.19
00000000000f89a0 r __PRETTY_FUNCTION__.2
00000000000f9700 r __PRETTY_FUNCTION__.2
00000000000f98d0 r __PRETTY_FUNCTION__.2
00000000000f9fd8 r __PRETTY_FUNCTION__.2
00000000000fa1a0 r __PRETTY_FUNCTION__.2
00000000000fd530 r __PRETTY_FUNCTION__.2
0000000000100bd0 r __PRETTY_FUNCTION__.2
0000000000101d38 r __PRETTY_FUNCTION__.2
0000000000104100 r __PRETTY_FUNCTION__.2
00000000001043a8 r __PRETTY_FUNCTION__.2
00000000001045a8 r __PRETTY_FUNCTION__.2
00000000001050f0 r __PRETTY_FUNCTION__.2
0000000000108a80 r __PRETTY_FUNCTION__.2
0000000000109ef8 r __PRETTY_FUNCTION__.2
000000000010ade0 r __PRETTY_FUNCTION__.2
000000000010d840 r __PRETTY_FUNCTION__.2
000000000011c4e0 r __PRETTY_FUNCTION__.2
0000000000101c10 r __PRETTY_FUNCTION__.20
0000000000101c00 r __PRETTY_FUNCTION__.21
00000000000f8988 r __PRETTY_FUNCTION__.3
00000000000f98c0 r __PRETTY_FUNCTION__.3
00000000000fb308 r __PRETTY_FUNCTION__.3
00000000000fd524 r __PRETTY_FUNCTION__.3
00000000000fe3c0 r __PRETTY_FUNCTION__.3
0000000000100bb0 r __PRETTY_FUNCTION__.3
0000000000109ee8 r __PRETTY_FUNCTION__.3
000000000010d820 r __PRETTY_FUNCTION__.3
00000000000f8978 r __PRETTY_FUNCTION__.4
00000000000f96c0 r __PRETTY_FUNCTION__.4
00000000000f9fb8 r __PRETTY_FUNCTION__.4
00000000000fe3b0 r __PRETTY_FUNCTION__.4
00000000000feac0 r __PRETTY_FUNCTION__.4
0000000000104580 r __PRETTY_FUNCTION__.4
0000000000108a60 r __PRETTY_FUNCTION__.4
0000000000109ed0 r __PRETTY_FUNCTION__.4
000000000010bb40 r __PRETTY_FUNCTION__.4
000000000010d800 r __PRETTY_FUNCTION__.4
000000000011c4b8 r __PRETTY_FUNCTION__.4
00000000000f8450 r __PRETTY_FUNCTION__.5
00000000000f8960 r __PRETTY_FUNCTION__.5
00000000000f9fa0 r __PRETTY_FUNCTION__.5
0000000000102d30 r __PRETTY_FUNCTION__.5
0000000000108a48 r __PRETTY_FUNCTION__.5
000000000010bb38 r __PRETTY_FUNCTION__.5
000000000010d7e0 r __PRETTY_FUNCTION__.5
000000000010fe20 r __PRETTY_FUNCTION__.5
000000000011c4a8 r __PRETTY_FUNCTION__.5
00000000000f8950 r __PRETTY_FUNCTION__.6
00000000000fb2d0 r __PRETTY_FUNCTION__.6
0000000000102d10 r __PRETTY_FUNCTION__.6
000000000010bb20 r __PRETTY_FUNCTION__.6
000000000010d7c0 r __PRETTY_FUNCTION__.6
000000000011c498 r __PRETTY_FUNCTION__.6
00000000000f9650 r __PRETTY_FUNCTION__.8
00000000000f9f50 r __PRETTY_FUNCTION__.8
0000000000108a20 r __PRETTY_FUNCTION__.8
000000000010d6f0 r __PRETTY_FUNCTION__.8
00000000000f9630 r __PRETTY_FUNCTION__.9
00000000000f9f40 r __PRETTY_FUNCTION__.9
0000000000101d20 r __PRETTY_FUNCTION__.9
0000000000108a10 r __PRETTY_FUNCTION__.9
000000000010bae0 r __PRETTY_FUNCTION__.9
000000000010d6d0 r __PRETTY_FUNCTION__.9
00000000000ee6a0 t pr_float
0000000000136328 b primary_keyring
000000000000ab24 t print_algo_names
000000000000aab9 t print_algo_numbers
000000000006bc57 t print_and_check_one_sig
000000000006b9ea t print_and_check_one_sig_colon
000000000003ea60 t print_capabilities
000000000003db1e T print_card_key_info
0000000000041c2d t print_card_serialno
00000000000e6e15 t print_chain
000000000002c799 T print_cipher_algo_note
000000000002c7f8 T print_digest_algo_note
00000000000edf79 t pr_integer
                 U printf@GLIBC_2.2.5
000000000006973d T print_file_status
0000000000041748 T print_fingerprint
00000000000ddebe T print_fname_stdin
00000000000dde86 T print_fname_stdout
0000000000011cde t print_hashline
0000000000011a28 t print_hex
0000000000078a0b t print_import_check
0000000000078907 t print_import_ok
0000000000046ccc t print_isoname
000000000003e9a4 t print_key_data
000000000008abae t print_key_flags
0000000000092906 t print_keyrec
0000000000011e07 t print_mds
0000000000046bf1 t print_name
000000000003edfc t print_one_subpacket
0000000000023a57 t print_pkenc_list
000000000002c713 T print_pubkey_algo_note
000000000003d9bb T print_pubkey_info
000000000004011a T print_revokers
000000000003d90c T print_seckey_info
0000000000046ace t print_sha1_fpr
0000000000046b89 t print_sha1_fpr_colon
000000000003e36d t print_signature_stats
0000000000087dc1 t print_status_key_created
0000000000087f77 t print_status_key_not_created
0000000000066d08 t print_status_sig_created
00000000000dea78 T print_string
00000000000de8df T print_string2
000000000003eeea T print_subpackets_colon
0000000000024ae1 t print_userid
00000000000deb53 T print_utf8_string
00000000000deaaf T print_utf8_string2
00000000000e4a43 t print_warn
00000000000f0837 t priosort
00000000000246f6 t proc_compressed
000000000002469f t proc_compressed_cb
00000000000246d1 t proc_encrypt_cb
0000000000023d37 t proc_encrypted
0000000000025b95 T proc_encryption_packets
0000000000025a4e T proc_packets
000000000008cc55 t proc_parameter_file
0000000000024197 t proc_plaintext
0000000000023783 t proc_pubkey_enc
0000000000025a9e T proc_signature_packets
00000000000234a3 t proc_symkey_enc
0000000000027b61 t proc_tree
00000000000b8a08 t progress
00000000000ba6ea t progress
00000000000bd49f t progress
000000000003897e t progress_cb
0000000000137838 b progress_cb
0000000000137850 b progress_cb
0000000000137930 b progress_cb
0000000000137840 b progress_cb_data
0000000000137858 b progress_cb_data
0000000000137938 b progress_cb_data
000000000002c29c T progress_filter
0000000000061d17 T protect_secret_key
00000000000eed7e t pr_pointer
00000000000eebcc t pr_string
00000000001131c0 r ps
00000000000e522e t ptr_into_pool_p
000000000009bcf0 T pubkey_algo_to_string
000000000009c471 T pubkey_check_secret_key
000000000009c6f1 T pubkey_decrypt
000000000009c536 T pubkey_encrypt
000000000009c3a0 T pubkey_generate
000000000009c205 T pubkey_get_nenc
000000000009bfc8 T pubkey_get_npkey
000000000009c146 T pubkey_get_nsig
000000000009c087 T pubkey_get_nskey
000000000002f09f T pubkey_letter
000000000009c2c4 T pubkey_nbits
0000000000135db8 b pubkeys.9
000000000009c8be T pubkey_sign
00000000001373a0 b pubkey_table
000000000009ca6c T pubkey_verify
00000000000b9d88 t public
000000000003d724 T public_key_list
000000000007cfee t pub_to_sec_keyblock
0000000000028356 T push_armor_filter
0000000000015c09 T push_compress_filter
0000000000015c37 T push_compress_filter2
                 U putc@GLIBC_2.2.5
                 U putchar@GLIBC_2.2.5
0000000000048e43 t put_data_to_file
                 U putenv@GLIBC_2.2.5
00000000000eb9ff T put_membuf
00000000000ebac6 T put_membuf_str
00000000000839e7 T put_record_into_cache
                 U puts@GLIBC_2.2.5
0000000000110ba0 r q0
0000000000110ca0 r q1
                 U qsort@GLIBC_2.2.5
00000000000bbfc1 T quick_random_gen
00000000001378ac b quick_test
00000000000298a9 t radix64_read
                 U raise@GLIBC_2.2.5
                 U rand@GLIBC_2.2.5
00000000000bc11e T random_disable_locking
00000000000bbf1d T random_dump_stats
00000000000bc0e9 T random_is_faked
00000000000bc00e T randomize_buffer
00000000000bc069 T randomize_mpi
00000000000bd119 t random_poll
0000000000118500 r rcon
0000000000030cf5 t read_16
0000000000030df3 t read_32
00000000000f11af t readaline
00000000000783b7 t read_block
0000000000049395 t read_cert
0000000000136b40 b reader_table
                 U read@GLIBC_2.2.5
00000000000e9b09 t read_lockfile
000000000008d51e t read_parameter_file
000000000005ec18 T read_passphrase_from_fd
00000000000bcc4e t read_pool
000000000003535e t read_protected_v3_mpi
00000000000bd2bd t read_random_source
000000000007efea t read_record
00000000000322de t read_rest
00000000000bc581 t read_seed_file
000000000007f951 T read_trust_options
000000000007fa5c t read_trust_record
00000000000ed56c t read_values
                 U realloc@GLIBC_2.2.5
0000000000075e49 t real_uids_left
0000000000136ea0 b recipient_digest_algo
                 U regcomp@GLIBC_2.2.5
                 U regexec@GLIBC_2.3.4
                 U regfree@GLIBC_2.2.5
00000000000bd47a T register_pk_dsa_progress
00000000000b89e3 T register_pk_elg_progress
00000000000ba6c5 T register_primegen_progress
000000000002c616 T register_secured_file
0000000000009ad0 t register_tm_clones
000000000007ec3d T register_trusted_key
000000000007ebf1 T register_trusted_keyid
000000000001ce58 T release_akl
0000000000028309 T release_armor_context
0000000000015b16 t release_context
00000000000625b3 t release_dfx_context
00000000000223e9 T release_kbnode
000000000007eba5 t release_key_array
000000000007e9e2 t release_key_hash_table
0000000000017238 t release_keyid_list
000000000007e97e t release_key_items
0000000000022dfe t release_list
000000000008c59c t release_parameter_list
000000000005bd8e T release_pk_list
0000000000015e26 T release_public_key_parts
000000000006b421 T release_revocation_reason_info
000000000001653f T release_secret_key_parts
000000000005d8ce T release_sk_list
000000000007db76 t release_subkey_list
0000000000083853 t release_write_lock
                 U remove@GLIBC_2.2.5
0000000000022801 T remove_kbnode
                 U rename@GLIBC_2.2.5
0000000000020881 t rename_tmp_file
000000000000b576 t reopen_std
00000000000416bc T reorder_keyblock
0000000000049dff t replace_existing_key_p
0000000000055fe4 t reset_ct_reader
0000000000022ded T reset_literals_seen
00000000000572dc t reset_pcsc_reader
00000000000572ac t reset_pcsc_reader_direct
0000000000082487 t reset_trust_records
                 U res_query@GLIBC_2.34
0000000000049ca4 t restore_forced_chv1
0000000000137adc b restore_termios
000000000007f8d5 T revalidation_mark
000000000007bead t revocation_present
0000000000069aa7 T revocation_reason_build_cb
00000000000303bf T revokestr_from_pk
0000000000135100 D rightkey_swap
00000000000b7288 T rijndael_cfb_dec
00000000000b71d6 T rijndael_cfb_enc
00000000000b719e t rijndael_decrypt
00000000000b6876 t rijndael_encrypt
00000000000b757d T rijndael_get_info
00000000000b5a83 t rijndael_setkey
00000000000c184f t rmd160_final
00000000000c1af9 T rmd160_get_info
00000000000c1a97 T rmd160_hash_buffer
00000000000bf492 T rmd160_init
00000000000c17c8 T rmd160_mixblock
0000000000133510 d rmd160_prefix.7
00000000000c1a85 t rmd160_read
00000000000c1650 t rmd160_write
                 U rmdir@GLIBC_2.2.5
000000000000a576 t rm_group
00000000000c471d T rndlinux_gather_random
0000000000137868 b rndpool
00000000001378c0 b rndstats
00000000000ba183 T rsa_check_secret_key
00000000000ba28c T rsa_decrypt
00000000000ba210 T rsa_encrypt
00000000000ba0cb T rsa_generate
00000000000ba61e T rsa_get_info
00000000000ba5e5 T rsa_get_nbits
00000000000ba37e T rsa_sign
00000000000ba53e T rsa_verify
0000000000091b67 T run_in_pipemode
0000000000115300 r S
00000000001132c0 r s1
00000000001136c0 r s2
0000000000113ac0 r s3
0000000000113ec0 r s4
00000000001142c0 r s5
0000000000117400 r S5
00000000001146c0 r s6
0000000000114ac0 r s7
0000000000114ec0 r s8
00000000000dddd3 T same_file_p
0000000000081905 t sanitize_regexp
0000000000090ef4 T save_unprotected_key_to_card
00000000001348c0 d sbox1
00000000001349c0 d sbox2
0000000000134ac0 d sbox3
0000000000134bc0 d sbox4
0000000000134cc0 d sbox5
0000000000134dc0 d sbox6
0000000000134ec0 d sbox7
0000000000134fc0 d sbox8
00000000000de063 T scan_isodatestr
000000000001651b T scopy_user_id
000000000008204e t search_skipfnc
0000000000017ca9 T seckey_available
00000000000e53dd T secmem_dump_stats
00000000000e510f T secmem_free
00000000000e4d7e T secmem_get_flags
00000000000e4db1 T secmem_init
00000000000e4e73 T secmem_malloc
00000000000e4d26 T secmem_set_flags
00000000000e52a9 T secmem_term
00000000000e504d T secmexrealloc
00000000000b9e21 t secret
000000000003d8d4 T secret_key_list
000000000007a22c t sec_to_pub_keyblock
00000000001378a8 b secure_alloc
00000000000bbfb0 T secure_randoxmalloc
0000000000137898 b seed_file_name
000000000005d1b2 T select_algo_from_prefs
                 U select@GLIBC_2.2.5
000000000005d84e T select_mdc_from_pklist
00000000000a3472 t selftest
00000000000afe8e t selftest
00000000000b181e t selftest
00000000000b3887 t selftest
00000000000b7343 t selftest
00000000000b77ff t selftest
00000000000b8829 t selftest
0000000000137760 b selftest_failed
00000000001377f0 b selftest_failed.0
0000000000137800 b selftest_failed.0
0000000000137820 b selftest_failed.0
0000000000137830 b selftest_failed.2
00000000001377e0 b selftest_failed.6
0000000000137810 b selftest_failed.9
0000000000058e64 t send_apdu
000000000004caff t send_fpr_if_not_null
000000000004cbd9 t send_fprtime_if_not_null
000000000004cd6f t send_key_attr
000000000004ccbf t send_key_data
000000000004d647 t send_keypair_info
0000000000058f53 t send_le
0000000000042636 T send_status_direct
0000000000042333 T send_status_info
0000000000136e80 b sentinel.2
0000000000042232 T serialno_and_fpr_from_sk
0000000000041d78 T set_attrib_fd
000000000000a2b3 t set_cmd
000000000000a09c t set_debug
0000000000097909 T set_exec_path
000000000000a118 t set_homedir
                 U setlocale@GLIBC_2.2.5
00000000000dff5f T set_native_charset
000000000005eb14 T set_next_passphrase
00000000000881b4 t set_one_pref
00000000000e3c93 t set_opt_arg
0000000000030fdf T set_packet_list_mode
000000000005ebc5 T set_passphrase_from_string
00000000000bc3e9 T set_random_seed_file
                 U setrlimit@GLIBC_2.2.5
000000000000a14e t set_screen_dimensions
0000000000038fa8 T set_status_fd
                 U setuid@GLIBC_2.2.5
0000000000098978 t setup_cipher_table
000000000003ba07 T setup_plaintext_name
000000000009ad16 t setup_pubkey_table
00000000000647b1 T setup_symkey
000000000007f1db T setup_trustdb
00000000000c34a1 t sha1_final
00000000000c3905 T sha1_get_info
00000000000c38a3 T sha1_hash_buffer
00000000000c1bf5 T sha1_init
0000000000133500 d sha1_prefix.8
00000000000c3891 t sha1_read
00000000000c3329 t sha1_write
00000000000c45d2 T sha224_get_info
00000000000c3a79 T sha224_init
0000000000133520 d sha224_prefix.6
00000000000c3ff9 t sha256_final
00000000000c453c T sha256_get_info
00000000000c3a01 T sha256_init
0000000000133540 d sha256_prefix.5
00000000000c452a t sha256_read
00000000000c3e81 t sha256_write
00000000000c5cf9 T sha384_get_info
00000000000c4b0c T sha384_init
0000000000133560 d sha384_prefix.4
00000000000c51f0 t sha512_final
00000000000c5c63 T sha512_get_info
00000000000c4a58 T sha512_init
0000000000133580 d sha512_prefix.3
00000000000c5c51 t sha512_read
00000000000c5052 t sha512_write
0000000000136ae8 b shm_area
                 U shmat@GLIBC_2.2.5
                 U shmctl@GLIBC_2.2.5
                 U shmget@GLIBC_2.2.5
0000000000133284 d shm_id
0000000000136af8 b shm_is_locked
0000000000136af0 b shm_size
0000000000071f23 T show_basic_key_info
0000000000052a44 t show_caps
0000000000049d0a t show_card_key_info
00000000000e3dec t show_help
00000000000722d8 t show_key_and_fingerprint
000000000003dfda T show_keyserver_url
0000000000049ef0 t show_keysize_warning
0000000000071517 t show_key_with_all_names
0000000000070cdd t show_key_with_all_names_colon
0000000000137a78 b shown.0
0000000000136b30 b shown.1
0000000000137a68 b shown1.5
0000000000137a74 b shown.2
0000000000137a6c b shown2.4
0000000000137a70 b shown.3
00000000000712bd t show_names
000000000003e138 T show_notation
00000000000975d0 T show_photos
000000000003de8f T show_policy_url
0000000000070493 t show_prefs
000000000009331c t show_prompt
000000000005ab4d T show_revocation_reason
00000000000e4351 t show_version
0000000000137b2c b show_warning
                 U sigaction@GLIBC_2.2.5
                 U sigaddset@GLIBC_2.2.5
                 U sigemptyset@GLIBC_2.2.5
00000000000bdc74 t sign
000000000003bb57 T signature_check
000000000003bb8f T signature_check2
00000000000674b9 T sign_file
000000000006c400 t sign_mk_attrib
00000000000688f7 T sign_symencrypt_file
000000000006c8ec t sign_uids
                 U sigprocmask@GLIBC_2.2.5
                 U sigsuspend@GLIBC_2.2.5
000000000001456e T sig_to_notation
0000000000019f97 t sig_to_revoke_info
00000000000f2c32 t simple_read
00000000000f2c61 t simple_write
00000000000175c6 t sk_from_block
000000000003210c t skip_packet
00000000000183fa t skip_unusable
                 U sleep@GLIBC_2.2.5
0000000000135760 D small_prime_numbers
                 U snprintf@GLIBC_2.2.5
                 U socket@GLIBC_2.2.5
0000000000137b80 b special_names_enabled
                 U sprintf@GLIBC_2.2.5
00000000000d57ed t sqr_mod
                 U srand@GLIBC_2.2.5
000000000002bcf2 t standard
0000000000009a70 T _start
000000000008e891 t start_tree
                 U stat@GLIBC_2.33
0000000000038f52 t status_currently_allowed
0000000000136ae0 b statusfp
000000000003de24 t status_one_subpacket
000000000004321c t status_sc_op_failure
0000000000135da0 B stderr@GLIBC_2.2.5
0000000000135d90 B stdin@GLIBC_2.2.5
0000000000135d80 B stdout@GLIBC_2.2.5
00000000000e24f1 t store_alias
000000000004c7a7 t store_fpr
00000000000436a1 t store_serialno
0000000000080c5b t store_validation_status
                 U stpcpy@GLIBC_2.2.5
                 U strcasecmp@GLIBC_2.2.5
                 U strcat@GLIBC_2.2.5
                 U strchr@GLIBC_2.2.5
                 U strcmp@GLIBC_2.2.5
00000000000e13ac T strconcat
                 U strcpy@GLIBC_2.2.5
                 U strcspn@GLIBC_2.2.5
                 U strdup@GLIBC_2.2.5
                 U strerror@GLIBC_2.2.5
                 U strftime@GLIBC_2.2.5
000000000013795c b strict
00000000000dfc91 T string_count_chr
00000000000eae66 t string_has_ctrl_or_space
00000000000996e5 T string_to_cipher_algo
000000000002d4ef T string_to_compress_algo
000000000009cdcb T string_to_digest_algo
00000000000142b4 T string_to_notation
000000000009bc50 T string_to_pubkey_algo
000000000007f6de T string_to_trust_value
00000000000e0e68 T string_to_utf8
                 U strlen@GLIBC_2.2.5
00000000000df704 T strlist_last
00000000000df6c4 T strlist_prev
00000000000e15eb T strlwr
                 U strncasecmp@GLIBC_2.2.5
                 U strncmp@GLIBC_2.2.5
                 U strncpy@GLIBC_2.2.5
                 U strpbrk@GLIBC_2.2.5
                 U strrchr@GLIBC_2.2.5
                 U strsep@GLIBC_2.2.5
                 U strspn@GLIBC_2.2.5
                 U strstr@GLIBC_2.2.5
00000000000de38e T strtimestamp
00000000000de232 T strtimevalue
                 U strtok@GLIBC_2.2.5
                 U strtol@GLIBC_2.2.5
                 U strtoul@GLIBC_2.2.5
0000000000009b59 T strusage
00000000000724b1 t subkey_expire_warning
000000000007dbae t subkey_in_list_p
0000000000137b34 b suspend_warning
0000000000023362 t symkey_decrypt_seskey
0000000000136f30 b sym_prefs
                 U sysconf@GLIBC_2.2.5
                 U system@GLIBC_2.2.5
0000000000115400 r T1
00000000001356c0 d t.2
0000000000115800 r T2
0000000000115c00 r T3
0000000000116000 r T4
0000000000116400 r T5
0000000000116800 r T6
0000000000116c00 r T7
0000000000117000 r T8
00000000001339a0 d table.16
0000000000133840 d table.18
0000000000133240 d tail_strings
000000000008378b t take_write_lock
                 U tcgetattr@GLIBC_2.2.5
                 U tcsetattr@GLIBC_2.2.5
0000000000084a66 T tdbio_db_matches_options
0000000000086c02 T tdbio_delete_record
0000000000085b82 T tdbio_dump_record
00000000000846bb T tdbio_get_dbname
00000000000871e7 T tdbio_invalid
0000000000084010 T tdbio_is_dirty
0000000000086d3d T tdbio_new_recnum
0000000000084b4b T tdbio_read_model
0000000000084bb8 T tdbio_read_nextcheck
0000000000085f32 T tdbio_read_record
0000000000087141 T tdbio_search_trust_byfpr
000000000008718a T tdbio_search_trust_bypk
0000000000084261 T tdbio_set_dbname
000000000008401c T tdbio_sync
000000000008411e T tdbio_update_version_record
0000000000084c25 T tdbio_write_nextcheck
0000000000086501 T tdbio_write_record
0000000000137aa0 b termsave
000000000007ea3b t test_key_hash_table
00000000000b8ac1 t test_keys
00000000000b97ab t test_keys
00000000000bd6bc t test_keys
0000000000042c76 t test_transact
0000000000135560 d test_vectors.0
0000000000135df8 b text.15
                 U textdomain@GLIBC_2.2.5
000000000002bf17 T text_filter
                 U time@GLIBC_2.2.5
                 U timegm@GLIBC_2.2.5
0000000000135d80 D __TMC_END__
0000000000049908 t toggle_forcesig
                 U tolower@GLIBC_2.2.5
                 U toupper@GLIBC_2.2.5
00000000000be4a2 t transform
00000000000bf4e9 t transform
00000000000c1c4c t transform
00000000000c3af1 t transform
00000000000c4bc0 t transform
00000000000e9944 t translate_file_handle
000000000002c587 T trap_unaligned
0000000000136330 b tried.6
00000000000dfa51 T trim_spaces
00000000000dfb26 T trim_trailing_chars
00000000000dfbb6 T trim_trailing_ws
000000000009f972 t tripledes_ecb_crypt
000000000009f668 t tripledes_set2keys
000000000009f7fb t tripledes_set3keys
0000000000136eb0 b trustdb_args
000000000007f921 T trustdb_check_or_update
000000000007f915 T trustdb_pending_check
0000000000136f10 b trusthashtbl.2
000000000007f479 t trust_letter
000000000007f174 t trust_model_string
000000000006c50a t trustsig_prompt
000000000007f622 T trust_value_to_string
0000000000057a47 t trylock_slot
000000000002eedf T try_make_homedir
00000000000e17d4 T tty_batchmode
00000000000e16fd T tty_cleanup_after_signal
0000000000137a80 b ttyfp
00000000000e18fe T tty_fprintf
00000000000e1fc1 T tty_get
00000000000e20b7 T tty_get_answer_is_yes
00000000000e1fe0 T tty_get_hidden
00000000000e1630 T tty_get_ttyname
00000000000e1fff T tty_kill_prompt
                 U ttyname@GLIBC_2.2.5
00000000000e17f8 T tty_no_terminal
00000000000e181d T tty_printf
0000000000070389 t tty_print_notations
00000000000e1a3b T tty_print_string
00000000000e1c46 T tty_print_utf8_string
00000000000e1b4f T tty_print_utf8_string2
00000000000afe56 t twofish_decrypt
00000000000aeb71 t twofish_encrypt
00000000000b000e T twofish_get_info
00000000000ad869 t twofish_setkey
0000000000117500 r U1
0000000000117900 r U2
0000000000117d00 r U3
0000000000118100 r U4
0000000000135df0 b uid_cache_entries
000000000007f4e5 T uid_trust_string_fixed
                 U umask@GLIBC_2.2.5
                 U uname@GLIBC_2.2.5
000000000002b4a1 T unarmor_pump
000000000002b45b T unarmor_pump_new
000000000002b486 T unarmor_pump_release
00000000000e82b1 t underflow
000000000002dee6 T unescape_percent_string
000000000004374f t unescape_status_string
000000000004352f t unhexify_fpr
00000000001369e0 b unknown_pubkey_algos.4
0000000000031036 t unknown_pubkey_warning
                 U unlink@GLIBC_2.2.5
000000000001dc2b t unlock_all
0000000000057a55 t unlock_slot
000000000002c621 T unregister_secured_file
00000000000dd974 t untilde
0000000000137b10 b unused_blocks
0000000000136360 b unused_nodes
000000000006934a T update_keysig_packet
000000000007fda6 t update_min_ownertrust
000000000001e65e t update_offset_hash_table
000000000001e751 t update_offset_hash_table_from_kb
000000000007fc42 T update_ownertrust
00000000000bc9a9 T update_random_seed_file
000000000007d1a6 t update_sec_keyblock_with_cardinfo
0000000000136ea4 b update_trust
000000000007f877 T update_trustdb
0000000000085b42 t update_trusthashtbl
0000000000080099 t update_validity
0000000000084d8b t upd_hashtable
00000000000e44e7 T usage
000000000003040c T usagestr_from_pk
00000000000285b4 T use_armor_filter
0000000000136320 b used_resources
00000000000e9e49 t use_hardlinks_p
0000000000137a64 b use_iconv
0000000000063c52 t use_mdc
0000000000135de8 b user_id_db
0000000000017151 t user_id_not_found_utf8
0000000000136ec8 b user_utk_list
0000000000135db4 b utf8_strings
00000000000e0458 T utf8_to_native
0000000000136ed0 b utk_list
0000000000082077 t validate_key_list
0000000000082571 t validate_keys
0000000000081b94 t validate_one_keyblock
000000000007837b t valid_keyblock_packet
00000000000bdda7 t verify
000000000004d8b7 t verify_a_chv
000000000004dd47 t verify_chv2
000000000004dfe7 t verify_chv3
0000000000069957 T verify_files
00000000000697aa t verify_one_file
000000000007ed83 t verify_own_keys
0000000000069545 T verify_signatures
                 U vfprintf@GLIBC_2.2.5
                 U waitpid@GLIBC_2.2.5
000000000002269a T walk_kbnode
0000000000136898 b warn.4
0000000000136894 b warn.5
0000000000136890 b warn.6
00000000001368b4 b warned.0
00000000001368b0 b warned.1
0000000000135160 d weak_keys
00000000000b8a50 t wiener_map
000000000001f786 t word_match
00000000000f9a60 r word_match_chars
0000000000136fc0 b work.3
0000000000014ccb t write_16
0000000000014d1a t write_32
00000000000838d6 t write_cache_item
00000000000898c4 t write_direct_sig
0000000000012943 t write_fake_data
                 U write@GLIBC_2.2.5
0000000000014df9 t write_header
000000000006342e t write_header
0000000000014e81 t write_header2
0000000000089c14 t write_keybinding
0000000000020b69 t write_keyblock
0000000000090274 t write_keyblock
00000000000f1136 t writen
0000000000014fdb t write_new_header
0000000000066e35 t write_onepass_sig_packets
0000000000066f94 t write_plaintext_packet
00000000000656bd t write_pubkey_enc_from_list
000000000007f0a8 t write_record
0000000000082e2f t write_record
0000000000046557 t write_sc_op_status
0000000000089a19 t write_selfsigs
000000000006723d t write_signature_packets
0000000000014e24 t write_sign_packet_header
000000000003910d T write_status
00000000000394ec T write_status_buffer
000000000003912a T write_status_text
0000000000039290 T write_status_text_and_buffer
0000000000064888 t write_symkey_enc
0000000000087f9c t write_uid
0000000000015179 t write_version
0000000000009ffc t wrong_args
00000000000e1063 T xasprintf
00000000000e4997 T xcalloc
00000000000e49ed T xcalloc_secure
00000000000e4882 T xfree
00000000000e46d4 T xmalloc
00000000000e478e T xmalloc_clear
00000000000e4745 T xmalloc_secure
00000000000e47c5 T xmalloc_secure_clear
00000000000e47fc T xrealloc
00000000000f06ef T xstrconcat
00000000000e48fe T xstrdup
00000000000e113b T xtryasprintf
00000000000e471d T xtrymalloc
00000000000e4947 T xtrystrdup
00000000000e1200 T xtryvasprintf
00000000001343e4 d yes_no.3
000000000011c8a0 r zb32asc.0
00000000000eb08c t zb32_encode
0000000000136f90 b zip_prefs
0000000000135dd0 b zips.6
