2536 1984
242 244
216 238
222 240
216 218
242 218
218 240
218 240
218 236
240 238
242 236
242 242
240 238
240 240
238 236
240 240
240 240
242 240
240 240
240 238
238 236
242 240
240 238
240 240
240 244
244 238
240 240
242 238
240 238
240 1442
240 240
242 238
240 242
244 238
240 240
244 238
240 238
242 240
238 238
244 240
238 240
242 240
238 238
240 240
242 242
240 240
240 242
242 164
240 44
240 46
240 46
244 48
242 44
240 46
242 46
244 44
242 44
242 44
242 46
242 44
240 44
244 44
240 44
242 44
242 46
242 46
244 44
242 44
244 44
1214 44
240 46
242 44
242 44
240 44
240 46
242 46
242 44
244 44
240 46
242 46
244 46
244 44
240 44
238 44
242 46
242 44
244 48
242 44
240 48
242 46
244 44
242 44
238 46
242 46
246 44
242 46
242 46
242 46
238 46
242 46
244 46
240 44
240 44
244 46
240 48
246 44
240 44
242 44
240 46
242 44
240 44
242 44
242 46
242 44
1226 46
246 44
242 44
242 46
240 46
240 44
242 44
242 46
242 46
242 46
240 46
240 46
242 46
244 44
240 46
242 44
240 46
240 46
240 48
238 46
240 46
240 44
240 46
242 46
242 48
242 44
242 44
242 44
242 44
242 44
240 44
242 46
240 46
242 46
242 46
240 46
242 46
244 46
242 46
242 44
244 44
240 44
238 46
240 44
1426 48
244 44
242 44
238 44
240 44
242 46
240 44
240 44
242 44
242 44
242 44
242 44
238 46
242 46
242 46
236 44
238 44
240 44
242 44
244 46
238 48
244 44
242 46
238 46
240 44
242 46
242 46
242 44
240 46
242 44
242 44
242 44
242 46
242 44
240 46
242 44
238 44
242 44
238 44
240 44
240 42
242 44
240 44
240 44
240 46
1220 44
240 46
240 46
242 46
242 44
238 46
242 46
242 44
242 44
242 44
240 44
242 44
240 46
240 44
240 46
242 46
242 46
244 44
244 46
242 44
240 44
242 46
238 46
242 46
242 44
242 44
244 46
242 44
240 44
242 46
242 46
242 46
240 46
244 44
242 46
242 44
242 46
240 44
240 44
242 46
238 50
244 44
242 46
246 44
240 46
1228 46
242 46
242 44
240 42
240 44
244 44
242 44
242 46
240 46
240 46
244 44
240 46
244 44
240 46
240 44
242 46
246 44
242 44
240 44
242 44
240 46
240 46
240 46
240 46
244 46
238 46
242 44
242 46
242 44
246 46
242 48
244 44
242 46
240 48
244 44
242 44
240 44
242 46
242 46
240 46
244 44
242 44
242 44
240 44
244 46
1214 44
240 44
240 46
242 46
242 46
242 44
240 44
240 44
238 44
240 44
240 44
244 46
240 46
240 46
242 46
242 44
244 46
242 44
240 44
240 46
240 48
240 46
242 46
244 44
244 46
242 44
240 44
242 46
240 48
242 46
242 46
242 44
244 46
242 44
240 44
244 44
240 44
240 46
238 44
242 46
240 44
242 46
238 46
240 46
242 46
1224 44
240 44
242 44
242 46
240 46
240 46
242 46
242 46
242 46
242 46
238 46
240 46
242 44
242 46
240 46
240 46
240 46
240 46
240 44
242 46
242 46
240 44
242 44
238 44
242 42
240 46
238 44
242 46
242 44
238 44
242 42
242 44
240 46
240 46
240 46
240 44
240 46
240 46
240 46
244 44
240 44
242 44
242 44
242 46
1382 44
242 46
240 46
240 44
242 46
244 46
244 44
242 46
242 46
242 46
242 44
240 44
242 44
238 46
242 46
240 44
242 46
238 50
242 46
244 46
242 46
244 44
240 46
240 44
242 44
240 44
242 44
242 46
242 44
242 46
242 46
240 44
242 44
240 44
240 44
242 46
242 46
242 46
240 44
240 46
240 46
246 44
240 44
240 46
242 48
1228 44
240 44
242 46
244 44
242 46
242 46
240 44
242 46
240 44
246 44
240 44
242 46
242 46
242 44
242 44
246 46
242 46
242 46
244 46
240 46
240 46
242 46
240 48
246 44
240 44
240 48
242 48
242 44
244 44
242 46
238 48
248 44
242 42
244 44
242 46
240 44
238 46
244 46
242 46
242 44
1226 48
244 44
242 44
242 44
238 46
242 46
242 46
244 44
244 44
240 44
240 44
244 46
240 48
244 44
244 44
240 44
240 46
240 46
240 46
242 46
242 46
240 44
240 44
240 46
238 48
244 46
242 44
242 44
240 46
240 44
240 44
242 46
238 48
244 46
242 46
244 46
240 46
240 44
240 44
240 46
238 48
244 46
242 48
242 46
240 46
1222 46
236 46
240 46
240 46
242 46
238 46
242 46
242 46
240 44
240 46
242 44
240 44
240 46
240 48
240 46
240 46
242 46
240 44
244 44
242 44
242 44
240 44
244 44
240 46
240 44
238 48
240 46
242 44
240 46
238 46
244 46
240 46
244 46
242 48
240 46
242 44
242 238
236 238
242 240
240 238
238 238
238 240
244 1240
240 238
238 240
238 242
242 240
240 242
242 240
240 240
242 238
240 240
244 238
240 238
244 240
240 240
244 240
240 240
242 240
242 240
244 240
238 238
242 240
240 240
242 240
242 240
240 238
242 242
242 242
240 240
242 238
240 240
242 238
240 240
242 238
240 242
246 1254
240 238
242 238
240 240
242 240
240 242
242 238
244 240
242 242
240 238
244 242
238 238
242 240
242 240
242 240
238 238
240 240
238 238
242 240
244 242
246 238
240 238
246 240
244 242
246 238
244 240
244 240
242 240
240 238
240 238
238 240
246 238
242 242
242 238
240 1242
240 242
240 240
244 240
240 242
242 240
242 240
242 240
242 242
242 238
242 238
242 242
240 238
242 242
240 238
242 240
240 250
244 240
238 236
242 240
240 242
242 240
240 240
242 240
240 240
244 236
238 240
242 238
242 240
242 238
242 242
246 240
240 242
242 238
240 1242
242 242
238 238
240 240
240 240
242 238
236 242
242 238
238 238
240 240
240 238
238 238
242 242
242 240
240 240
244 240
240 240
244 238
236 240
244 88
46 242
48 238
46 242
48 236
48 240
50 242
48 236
48 240
48 236
48 236
46 240
48 238
48 236
48 240
48 236
50 240
46 238
48 236
46 240
48 1302
50 242
48 242
50 240
50 242
48 236
50 238
48 236
48 236
46 240
50 238
46 268
48 236
46 240
48 240
48 240
50 240
48 236
48 238
46 242
48 240
46 238
48 238
46 240
48 242
46 238
50 240
48 262
52 240
48 240
48 240
48 236
48 238
46 240
48 240
44 244
48 240
46 240
48 240
46 240
50 238
46 238
48 242
48 242
48 238
46 1242
50 238
48 238
48 240
46 242
48 238
46 238
48 242
48 238
48 236
46 242
48 240
48 242
48 242
46 264
48 238
48 238
48 240
48 240
50 236
48 238
48 240
48 240
48 238
46 238
48 240
46 238
50 242
48 238
50 240
48 274
50 238
46 240
50 242
48 240
50 240
48 238
48 238
50 236
48 238
46 244
48 240
46 238
50 236
48 240
48 1264
46 234
50 238
48 240
48 240
48 240
50 238
46 242
50 242
46 244
48 242
46 240
48 240
46 244
48 242
46 242
48 238
46 234
48 240
46 240
48 240
46 240
48 236
46 242
48 240
46 240
48 236
48 238
46 242
48 238
46 240
48 240
46 238
50 234
46 242
48 242
46 242
48 240
46 240
48 238
46 242
48 242
46 240
48 240
46 238
48 1318
46 240
48 238
48 240
50 262
48 238
48 240
46 238
48 240
46 236
48 238
48 238
50 240
48 236
50 238
46 238
48 238
46 238
48 240
46 238
50 234
48 240
50 238
48 240
52 238
46 238
48 240
46 240
48 240
46 238
48 236
46 242
48 238
46 240
48 238
46 238
48 234
46 240
48 240
46 240
50 238
46 238
48 242
46 234
48 240
46 1308
50 240
44 236
52 238
48 238
48 242
46 238
48 270
48 242
50 240
48 238
48 236
46 240
48 238
46 238
48 238
46 242
48 242
46 240
48 240
46 236
48 240
46 242
48 262
48 240
50 240
48 238
48 240
48 240
50 238
48 238
48 240
48 242
50 240
48 238
50 240
48 238
52 240
48 238
50 264
48 240
50 240
48 238
50 236
46 240
48 1210
46 242
48 238
46 240
48 242
46 238
50 238
48 240
48 242
48 242
48 234
46 242
48 238
46 242
50 242
46 240
48 242
46 238
48 242
46 242
48 240
50 238
48 240
48 242
48 240
46 240
48 236
46 240
48 242
48 240
48 240
46 236
48 238
46 238
48 240
46 238
48 238
50 244
48 238
46 242
48 240
44 238
50 234
46 238
48 244
48 1260
50 244
46 242
50 238
46 240
50 240
46 240
48 242
50 240
48 242
46 242
48 240
46 242
48 258
46 240
48 238
50 238
50 236
48 240
50 242
48 238
50 244
46 236
50 240
48 240
50 240
48 236
48 238
46 240
48 260
46 238
48 238
48 242
48 240
46 238
